{"numFailedTestSuites":31,"numFailedTests":83,"numPassedTestSuites":13,"numPassedTests":420,"numPendingTestSuites":0,"numPendingTests":0,"numRuntimeErrorTestSuites":23,"numTodoTests":0,"numTotalTestSuites":44,"numTotalTests":503,"openHandles":[],"snapshot":{"added":0,"didUpdate":false,"failure":false,"filesAdded":0,"filesRemoved":0,"filesRemovedList":[],"filesUnmatched":0,"filesUpdated":0,"matched":0,"total":0,"unchecked":0,"uncheckedKeysByFile":[],"unmatched":0,"updated":0},"startTime":1759707866555,"success":false,"testResults":[{"assertionResults":[{"ancestorTitles":["AnalyticsService","getAggregatedAnalytics"],"duration":19,"failureDetails":[],"failureMessages":[],"fullName":"AnalyticsService getAggregatedAnalytics should return aggregated analytics data","invocations":1,"location":null,"numPassingAsserts":8,"retryReasons":[],"status":"passed","title":"should return aggregated analytics data"},{"ancestorTitles":["AnalyticsService","getAggregatedAnalytics"],"duration":12,"failureDetails":[{"matcherResult":{"message":"expect(jest.fn()).toHaveBeenCalledWith(...expected)\n\n- Expected\n+ Received\n\n@@ -1,8 +1,7 @@\n  Object {\n    \"include\": Object {\n-     \"analytics\": true,\n      \"socialAccount\": true,\n    },\n    \"where\": Object {\n      \"organizationId\": \"org-id-123\",\n    },,\n\nNumber of calls: 1","pass":false}}],"failureMessages":["Error: expect(jest.fn()).toHaveBeenCalledWith(...expected)\n\n- Expected\n+ Received\n\n@@ -1,8 +1,7 @@\n  Object {\n    \"include\": Object {\n-     \"analytics\": true,\n      \"socialAccount\": true,\n    },\n    \"where\": Object {\n      \"organizationId\": \"org-id-123\",\n    },,\n\nNumber of calls: 1\n    at Object.<anonymous> (C:\\Users\\drmwe\\Claude\\social Media App\\allin-platform\\backend\\tests\\unit\\services\\analytics.service.test.ts:141:46)\n    at processTicksAndRejections (node:internal/process/task_queues:105:5)"],"fullName":"AnalyticsService getAggregatedAnalytics should handle empty date range","invocations":1,"location":null,"numPassingAsserts":0,"retryReasons":[],"status":"failed","title":"should handle empty date range"},{"ancestorTitles":["AnalyticsService","getAggregatedAnalytics"],"duration":2,"failureDetails":[{"matcherResult":{"actual":5,"expected":0,"message":"expect(received).toBe(expected) // Object.is equality\n\nExpected: 0\nReceived: 5","name":"toBe","pass":false}}],"failureMessages":["Error: expect(received).toBe(expected) // Object.is equality\n\nExpected: 0\nReceived: 5\n    at Object.<anonymous> (C:\\Users\\drmwe\\Claude\\social Media App\\allin-platform\\backend\\tests\\unit\\services\\analytics.service.test.ts:165:40)\n    at processTicksAndRejections (node:internal/process/task_queues:105:5)"],"fullName":"AnalyticsService getAggregatedAnalytics should handle posts without analytics data","invocations":1,"location":null,"numPassingAsserts":1,"retryReasons":[],"status":"failed","title":"should handle posts without analytics data"},{"ancestorTitles":["AnalyticsService","analyzeCompetitors"],"duration":2,"failureDetails":[],"failureMessages":[],"fullName":"AnalyticsService analyzeCompetitors should return competitor analysis with insights","invocations":1,"location":null,"numPassingAsserts":7,"retryReasons":[],"status":"passed","title":"should return competitor analysis with insights"},{"ancestorTitles":["AnalyticsService","analyzeCompetitors"],"duration":3,"failureDetails":[],"failureMessages":[],"fullName":"AnalyticsService analyzeCompetitors should include competitor data with required fields","invocations":1,"location":null,"numPassingAsserts":14,"retryReasons":[],"status":"passed","title":"should include competitor data with required fields"},{"ancestorTitles":["AnalyticsService","analyzeSentiment"],"duration":15,"failureDetails":[],"failureMessages":[],"fullName":"AnalyticsService analyzeSentiment should analyze sentiment of provided content","invocations":1,"location":null,"numPassingAsserts":9,"retryReasons":[],"status":"passed","title":"should analyze sentiment of provided content"},{"ancestorTitles":["AnalyticsService","analyzeSentiment"],"duration":1,"failureDetails":[],"failureMessages":[],"fullName":"AnalyticsService analyzeSentiment should analyze sentiment of organization posts when no content provided","invocations":1,"location":null,"numPassingAsserts":2,"retryReasons":[],"status":"passed","title":"should analyze sentiment of organization posts when no content provided"},{"ancestorTitles":["AnalyticsService","analyzeSentiment"],"duration":3,"failureDetails":[],"failureMessages":[],"fullName":"AnalyticsService analyzeSentiment should extract trending topics","invocations":1,"location":null,"numPassingAsserts":12,"retryReasons":[],"status":"passed","title":"should extract trending topics"},{"ancestorTitles":["AnalyticsService","trackROI"],"duration":3,"failureDetails":[],"failureMessages":[],"fullName":"AnalyticsService trackROI should calculate ROI metrics","invocations":1,"location":null,"numPassingAsserts":10,"retryReasons":[],"status":"passed","title":"should calculate ROI metrics"},{"ancestorTitles":["AnalyticsService","trackROI"],"duration":1,"failureDetails":[],"failureMessages":[],"fullName":"AnalyticsService trackROI should handle zero investment","invocations":1,"location":null,"numPassingAsserts":0,"retryReasons":[],"status":"passed","title":"should handle zero investment"},{"ancestorTitles":["AnalyticsService","trackROI"],"duration":1,"failureDetails":[{"matcherResult":{"actual":33.333333333333336,"expected":0,"message":"expect(received).toBe(expected) // Object.is equality\n\nExpected: 0\nReceived: 33.333333333333336","name":"toBe","pass":false}}],"failureMessages":["Error: expect(received).toBe(expected) // Object.is equality\n\nExpected: 0\nReceived: 33.333333333333336\n    at Object.<anonymous> (C:\\Users\\drmwe\\Claude\\social Media App\\allin-platform\\backend\\tests\\unit\\services\\analytics.service.test.ts:312:40)\n    at processTicksAndRejections (node:internal/process/task_queues:105:5)"],"fullName":"AnalyticsService trackROI should handle zero engagement","invocations":1,"location":null,"numPassingAsserts":0,"retryReasons":[],"status":"failed","title":"should handle zero engagement"},{"ancestorTitles":["AnalyticsService","getPredictiveInsights"],"duration":3,"failureDetails":[],"failureMessages":[],"fullName":"AnalyticsService getPredictiveInsights should return predictive insights","invocations":1,"location":null,"numPassingAsserts":9,"retryReasons":[],"status":"passed","title":"should return predictive insights"},{"ancestorTitles":["AnalyticsService","getPredictiveInsights"],"duration":1,"failureDetails":[],"failureMessages":[],"fullName":"AnalyticsService getPredictiveInsights should analyze best posting times from historical data","invocations":1,"location":null,"numPassingAsserts":2,"retryReasons":[],"status":"passed","title":"should analyze best posting times from historical data"},{"ancestorTitles":["AnalyticsService","getPredictiveInsights"],"duration":1,"failureDetails":[],"failureMessages":[],"fullName":"AnalyticsService getPredictiveInsights should extract recommended hashtags from high-performing posts","invocations":1,"location":null,"numPassingAsserts":6,"retryReasons":[],"status":"passed","title":"should extract recommended hashtags from high-performing posts"},{"ancestorTitles":["AnalyticsService","getPredictiveInsights"],"duration":1,"failureDetails":[],"failureMessages":[],"fullName":"AnalyticsService getPredictiveInsights should handle empty historical data","invocations":1,"location":null,"numPassingAsserts":3,"retryReasons":[],"status":"passed","title":"should handle empty historical data"},{"ancestorTitles":["AnalyticsService","streamRealTimeAnalytics"],"duration":1,"failureDetails":[],"failureMessages":[],"fullName":"AnalyticsService streamRealTimeAnalytics should create async generator for real-time metrics","invocations":1,"location":null,"numPassingAsserts":6,"retryReasons":[],"status":"passed","title":"should create async generator for real-time metrics"},{"ancestorTitles":["AnalyticsService","private helper methods"],"duration":1,"failureDetails":[],"failureMessages":[],"fullName":"AnalyticsService private helper methods should calculate platform metrics correctly","invocations":1,"location":null,"numPassingAsserts":19,"retryReasons":[],"status":"passed","title":"should calculate platform metrics correctly"},{"ancestorTitles":["AnalyticsService","private helper methods"],"duration":1,"failureDetails":[],"failureMessages":[],"fullName":"AnalyticsService private helper methods should calculate engagement trends by date","invocations":1,"location":null,"numPassingAsserts":13,"retryReasons":[],"status":"passed","title":"should calculate engagement trends by date"},{"ancestorTitles":["AnalyticsService","private helper methods"],"duration":9,"failureDetails":[],"failureMessages":[],"fullName":"AnalyticsService private helper methods should identify top performing content","invocations":1,"location":null,"numPassingAsserts":16,"retryReasons":[],"status":"passed","title":"should identify top performing content"},{"ancestorTitles":["AnalyticsService","error handling"],"duration":3,"failureDetails":[],"failureMessages":[],"fullName":"AnalyticsService error handling should handle database errors gracefully","invocations":1,"location":null,"numPassingAsserts":1,"retryReasons":[],"status":"passed","title":"should handle database errors gracefully"},{"ancestorTitles":["AnalyticsService","error handling"],"duration":1,"failureDetails":[],"failureMessages":[],"fullName":"AnalyticsService error handling should handle Redis errors gracefully","invocations":1,"location":null,"numPassingAsserts":1,"retryReasons":[],"status":"passed","title":"should handle Redis errors gracefully"}],"endTime":1759707877907,"message":"  ● AnalyticsService › getAggregatedAnalytics › should handle empty date range\n\n    expect(jest.fn()).toHaveBeenCalledWith(...expected)\n\n    - Expected\n    + Received\n\n    @@ -1,8 +1,7 @@\n      Object {\n        \"include\": Object {\n    -     \"analytics\": true,\n          \"socialAccount\": true,\n        },\n        \"where\": Object {\n          \"organizationId\": \"org-id-123\",\n        },,\n\n    Number of calls: 1\n\n    \u001b[0m \u001b[90m 139 |\u001b[39m       \u001b[36mconst\u001b[39m result \u001b[33m=\u001b[39m \u001b[36mawait\u001b[39m service\u001b[33m.\u001b[39mgetAggregatedAnalytics(mockOrganizationId)\u001b[33m;\u001b[39m\n     \u001b[90m 140 |\u001b[39m\n    \u001b[31m\u001b[1m>\u001b[22m\u001b[39m\u001b[90m 141 |\u001b[39m       expect(mockPrismaClient\u001b[33m.\u001b[39mpost\u001b[33m.\u001b[39mfindMany)\u001b[33m.\u001b[39mtoHaveBeenCalledWith({\n     \u001b[90m     |\u001b[39m                                              \u001b[31m\u001b[1m^\u001b[22m\u001b[39m\n     \u001b[90m 142 |\u001b[39m         where\u001b[33m:\u001b[39m {\n     \u001b[90m 143 |\u001b[39m           organizationId\u001b[33m:\u001b[39m mockOrganizationId\n     \u001b[90m 144 |\u001b[39m         }\u001b[33m,\u001b[39m\u001b[0m\n\n      at Object.<anonymous> (tests/unit/services/analytics.service.test.ts:141:46)\n\n  ● AnalyticsService › getAggregatedAnalytics › should handle posts without analytics data\n\n    expect(received).toBe(expected) // Object.is equality\n\n    Expected: 0\n    Received: 5\n\n    \u001b[0m \u001b[90m 163 |\u001b[39m\n     \u001b[90m 164 |\u001b[39m       expect(result\u001b[33m.\u001b[39mtotalPosts)\u001b[33m.\u001b[39mtoBe(\u001b[35m3\u001b[39m)\u001b[33m;\u001b[39m\n    \u001b[31m\u001b[1m>\u001b[22m\u001b[39m\u001b[90m 165 |\u001b[39m       expect(result\u001b[33m.\u001b[39mavgEngagementRate)\u001b[33m.\u001b[39mtoBe(\u001b[35m0\u001b[39m)\u001b[33m;\u001b[39m\n     \u001b[90m     |\u001b[39m                                        \u001b[31m\u001b[1m^\u001b[22m\u001b[39m\n     \u001b[90m 166 |\u001b[39m     })\u001b[33m;\u001b[39m\n     \u001b[90m 167 |\u001b[39m   })\u001b[33m;\u001b[39m\n     \u001b[90m 168 |\u001b[39m\u001b[0m\n\n      at Object.<anonymous> (tests/unit/services/analytics.service.test.ts:165:40)\n\n  ● AnalyticsService › trackROI › should handle zero engagement\n\n    expect(received).toBe(expected) // Object.is equality\n\n    Expected: 0\n    Received: 33.333333333333336\n\n    \u001b[0m \u001b[90m 310 |\u001b[39m\n     \u001b[90m 311 |\u001b[39m       \u001b[90m// When total engagement is 0, cost per engagement should be 0\u001b[39m\n    \u001b[31m\u001b[1m>\u001b[22m\u001b[39m\u001b[90m 312 |\u001b[39m       expect(result\u001b[33m.\u001b[39mcostPerEngagement)\u001b[33m.\u001b[39mtoBe(\u001b[35m0\u001b[39m)\u001b[33m;\u001b[39m\n     \u001b[90m     |\u001b[39m                                        \u001b[31m\u001b[1m^\u001b[22m\u001b[39m\n     \u001b[90m 313 |\u001b[39m     })\u001b[33m;\u001b[39m\n     \u001b[90m 314 |\u001b[39m   })\u001b[33m;\u001b[39m\n     \u001b[90m 315 |\u001b[39m\u001b[0m\n\n      at Object.<anonymous> (tests/unit/services/analytics.service.test.ts:312:40)\n","name":"C:\\Users\\drmwe\\Claude\\social Media App\\allin-platform\\backend\\tests\\unit\\services\\analytics.service.test.ts","startTime":1759707867592,"status":"failed","summary":""},{"assertionResults":[{"ancestorTitles":["TikTokOAuthService","constructor"],"duration":13,"failureDetails":[],"failureMessages":[],"fullName":"TikTokOAuthService constructor should initialize with correct platform and configuration","invocations":1,"location":null,"numPassingAsserts":3,"retryReasons":[],"status":"passed","title":"should initialize with correct platform and configuration"},{"ancestorTitles":["TikTokOAuthService","getAuthorizationUrl"],"duration":2,"failureDetails":[],"failureMessages":[],"fullName":"TikTokOAuthService getAuthorizationUrl should generate correct authorization URL","invocations":1,"location":null,"numPassingAsserts":6,"retryReasons":[],"status":"passed","title":"should generate correct authorization URL"},{"ancestorTitles":["TikTokOAuthService","exchangeCodeForTokens"],"duration":3,"failureDetails":[],"failureMessages":[],"fullName":"TikTokOAuthService exchangeCodeForTokens should exchange authorization code for tokens successfully","invocations":1,"location":null,"numPassingAsserts":2,"retryReasons":[],"status":"passed","title":"should exchange authorization code for tokens successfully"},{"ancestorTitles":["TikTokOAuthService","exchangeCodeForTokens"],"duration":82,"failureDetails":[],"failureMessages":[],"fullName":"TikTokOAuthService exchangeCodeForTokens should handle token exchange errors","invocations":1,"location":null,"numPassingAsserts":1,"retryReasons":[],"status":"passed","title":"should handle token exchange errors"},{"ancestorTitles":["TikTokOAuthService","refreshAccessToken"],"duration":2,"failureDetails":[],"failureMessages":[],"fullName":"TikTokOAuthService refreshAccessToken should refresh access token successfully","invocations":1,"location":null,"numPassingAsserts":2,"retryReasons":[],"status":"passed","title":"should refresh access token successfully"},{"ancestorTitles":["TikTokOAuthService","refreshAccessToken"],"duration":2,"failureDetails":[],"failureMessages":[],"fullName":"TikTokOAuthService refreshAccessToken should handle refresh token errors","invocations":1,"location":null,"numPassingAsserts":1,"retryReasons":[],"status":"passed","title":"should handle refresh token errors"},{"ancestorTitles":["TikTokOAuthService","getUserProfile"],"duration":2,"failureDetails":[],"failureMessages":[],"fullName":"TikTokOAuthService getUserProfile should fetch user profile successfully","invocations":1,"location":null,"numPassingAsserts":2,"retryReasons":[],"status":"passed","title":"should fetch user profile successfully"},{"ancestorTitles":["TikTokOAuthService","getUserProfile"],"duration":3,"failureDetails":[],"failureMessages":[],"fullName":"TikTokOAuthService getUserProfile should handle API errors from TikTok","invocations":1,"location":null,"numPassingAsserts":1,"retryReasons":[],"status":"passed","title":"should handle API errors from TikTok"},{"ancestorTitles":["TikTokOAuthService","getUserProfile"],"duration":2,"failureDetails":[],"failureMessages":[],"fullName":"TikTokOAuthService getUserProfile should handle network errors","invocations":1,"location":null,"numPassingAsserts":1,"retryReasons":[],"status":"passed","title":"should handle network errors"},{"ancestorTitles":["TikTokOAuthService","revokeAccess"],"duration":3,"failureDetails":[],"failureMessages":[],"fullName":"TikTokOAuthService revokeAccess should revoke access successfully","invocations":1,"location":null,"numPassingAsserts":2,"retryReasons":[],"status":"passed","title":"should revoke access successfully"},{"ancestorTitles":["TikTokOAuthService","revokeAccess"],"duration":2,"failureDetails":[],"failureMessages":[],"fullName":"TikTokOAuthService revokeAccess should handle revoke errors gracefully","invocations":1,"location":null,"numPassingAsserts":1,"retryReasons":[],"status":"passed","title":"should handle revoke errors gracefully"},{"ancestorTitles":["TikTokOAuthService","getInsights"],"duration":3,"failureDetails":[],"failureMessages":[],"fullName":"TikTokOAuthService getInsights should fetch user insights successfully","invocations":1,"location":null,"numPassingAsserts":1,"retryReasons":[],"status":"passed","title":"should fetch user insights successfully"},{"ancestorTitles":["TikTokOAuthService","getInsights"],"duration":1,"failureDetails":[],"failureMessages":[],"fullName":"TikTokOAuthService getInsights should handle empty video list","invocations":1,"location":null,"numPassingAsserts":1,"retryReasons":[],"status":"passed","title":"should handle empty video list"},{"ancestorTitles":["TikTokOAuthService","publishPost"],"duration":4,"failureDetails":[],"failureMessages":[],"fullName":"TikTokOAuthService publishPost should handle video publishing (mock implementation)","invocations":1,"location":null,"numPassingAsserts":1,"retryReasons":[],"status":"passed","title":"should handle video publishing (mock implementation)"},{"ancestorTitles":["TikTokOAuthService","publishPost"],"duration":3,"failureDetails":[],"failureMessages":[],"fullName":"TikTokOAuthService publishPost should require video content for publishing","invocations":1,"location":null,"numPassingAsserts":1,"retryReasons":[],"status":"passed","title":"should require video content for publishing"},{"ancestorTitles":["TikTokOAuthService","getVideoDetails"],"duration":1,"failureDetails":[],"failureMessages":[],"fullName":"TikTokOAuthService getVideoDetails should fetch video details successfully","invocations":1,"location":null,"numPassingAsserts":2,"retryReasons":[],"status":"passed","title":"should fetch video details successfully"},{"ancestorTitles":["TikTokOAuthService","getVideoDetails"],"duration":2,"failureDetails":[],"failureMessages":[],"fullName":"TikTokOAuthService getVideoDetails should handle video details fetch errors","invocations":1,"location":null,"numPassingAsserts":1,"retryReasons":[],"status":"passed","title":"should handle video details fetch errors"},{"ancestorTitles":["TikTokOAuthService","configuration validation"],"duration":1,"failureDetails":[],"failureMessages":[],"fullName":"TikTokOAuthService configuration validation should handle missing environment variables","invocations":1,"location":null,"numPassingAsserts":1,"retryReasons":[],"status":"passed","title":"should handle missing environment variables"},{"ancestorTitles":["TikTokOAuthService","configuration validation"],"duration":0,"failureDetails":[],"failureMessages":[],"fullName":"TikTokOAuthService configuration validation should use default redirect URI when not provided","invocations":1,"location":null,"numPassingAsserts":1,"retryReasons":[],"status":"passed","title":"should use default redirect URI when not provided"},{"ancestorTitles":["TikTokOAuthService","error handling"],"duration":2,"failureDetails":[],"failureMessages":[],"fullName":"TikTokOAuthService error handling should handle axios errors with proper error messages","invocations":1,"location":null,"numPassingAsserts":1,"retryReasons":[],"status":"passed","title":"should handle axios errors with proper error messages"},{"ancestorTitles":["TikTokOAuthService","error handling"],"duration":2,"failureDetails":[],"failureMessages":[],"fullName":"TikTokOAuthService error handling should handle network timeout errors","invocations":1,"location":null,"numPassingAsserts":1,"retryReasons":[],"status":"passed","title":"should handle network timeout errors"}],"endTime":1759707877932,"message":"","name":"C:\\Users\\drmwe\\Claude\\social Media App\\allin-platform\\backend\\src\\services\\oauth\\tiktok.oauth.test.ts","startTime":1759707867585,"status":"passed","summary":""},{"assertionResults":[{"ancestorTitles":["TwitterController - Simplified Test Suite","getAuthUrl"],"duration":23,"failureDetails":[],"failureMessages":[],"fullName":"TwitterController - Simplified Test Suite getAuthUrl should generate Twitter auth URL successfully","invocations":1,"location":null,"numPassingAsserts":2,"retryReasons":[],"status":"passed","title":"should generate Twitter auth URL successfully"},{"ancestorTitles":["TwitterController - Simplified Test Suite","getAuthUrl"],"duration":120,"failureDetails":[],"failureMessages":[],"fullName":"TwitterController - Simplified Test Suite getAuthUrl should handle auth URL generation errors","invocations":1,"location":null,"numPassingAsserts":2,"retryReasons":[],"status":"passed","title":"should handle auth URL generation errors"},{"ancestorTitles":["TwitterController - Simplified Test Suite","completeAuth"],"duration":3,"failureDetails":[],"failureMessages":[],"fullName":"TwitterController - Simplified Test Suite completeAuth should complete Twitter authentication successfully","invocations":1,"location":null,"numPassingAsserts":3,"retryReasons":[],"status":"passed","title":"should complete Twitter authentication successfully"},{"ancestorTitles":["TwitterController - Simplified Test Suite","completeAuth"],"duration":1,"failureDetails":[],"failureMessages":[],"fullName":"TwitterController - Simplified Test Suite completeAuth should handle missing parameters","invocations":1,"location":null,"numPassingAsserts":2,"retryReasons":[],"status":"passed","title":"should handle missing parameters"},{"ancestorTitles":["TwitterController - Simplified Test Suite","refreshToken"],"duration":1,"failureDetails":[],"failureMessages":[],"fullName":"TwitterController - Simplified Test Suite refreshToken should refresh access token successfully","invocations":1,"location":null,"numPassingAsserts":2,"retryReasons":[],"status":"passed","title":"should refresh access token successfully"},{"ancestorTitles":["TwitterController - Simplified Test Suite","refreshToken"],"duration":0,"failureDetails":[],"failureMessages":[],"fullName":"TwitterController - Simplified Test Suite refreshToken should handle missing refresh token","invocations":1,"location":null,"numPassingAsserts":2,"retryReasons":[],"status":"passed","title":"should handle missing refresh token"},{"ancestorTitles":["TwitterController - Simplified Test Suite","getProfile"],"duration":1,"failureDetails":[],"failureMessages":[],"fullName":"TwitterController - Simplified Test Suite getProfile should get user profile successfully","invocations":1,"location":null,"numPassingAsserts":2,"retryReasons":[],"status":"passed","title":"should get user profile successfully"},{"ancestorTitles":["TwitterController - Simplified Test Suite","getProfile"],"duration":0,"failureDetails":[],"failureMessages":[],"fullName":"TwitterController - Simplified Test Suite getProfile should handle missing access token","invocations":1,"location":null,"numPassingAsserts":2,"retryReasons":[],"status":"passed","title":"should handle missing access token"},{"ancestorTitles":["TwitterController - Simplified Test Suite","getTweets"],"duration":1,"failureDetails":[],"failureMessages":[],"fullName":"TwitterController - Simplified Test Suite getTweets should get user tweets successfully","invocations":1,"location":null,"numPassingAsserts":2,"retryReasons":[],"status":"passed","title":"should get user tweets successfully"},{"ancestorTitles":["TwitterController - Simplified Test Suite","getTweets"],"duration":1,"failureDetails":[],"failureMessages":[],"fullName":"TwitterController - Simplified Test Suite getTweets should handle custom parameters","invocations":1,"location":null,"numPassingAsserts":1,"retryReasons":[],"status":"passed","title":"should handle custom parameters"},{"ancestorTitles":["TwitterController - Simplified Test Suite","getTweetDetails"],"duration":1,"failureDetails":[],"failureMessages":[],"fullName":"TwitterController - Simplified Test Suite getTweetDetails should get tweet details successfully","invocations":1,"location":null,"numPassingAsserts":2,"retryReasons":[],"status":"passed","title":"should get tweet details successfully"}],"endTime":1759707877990,"message":"","name":"C:\\Users\\drmwe\\Claude\\social Media App\\allin-platform\\backend\\tests\\unit\\controllers\\twitter.controller.test.ts","startTime":1759707867614,"status":"passed","summary":""},{"assertionResults":[{"ancestorTitles":["Database Service"],"duration":11,"failureDetails":[],"failureMessages":[],"fullName":"Database Service should export prisma client instance","invocations":1,"location":null,"numPassingAsserts":6,"retryReasons":[],"status":"passed","title":"should export prisma client instance"},{"ancestorTitles":["Database Service"],"duration":4,"failureDetails":[{"matcherResult":{"message":"expect(received).toHaveProperty(path)\n\nExpected path: \"passwordResetToken\"\nReceived path: []\n\nReceived value: {\"$connect\": [Function mockConstructor], \"$disconnect\": [Function mockConstructor], \"draft\": {\"create\": [Function mockConstructor], \"delete\": [Function mockConstructor], \"findMany\": [Function mockConstructor], \"findUnique\": [Function mockConstructor], \"update\": [Function mockConstructor]}, \"post\": {\"create\": [Function mockConstructor], \"delete\": [Function mockConstructor], \"findMany\": [Function mockConstructor], \"findUnique\": [Function mockConstructor], \"update\": [Function mockConstructor]}, \"scheduledPost\": {\"create\": [Function mockConstructor], \"delete\": [Function mockConstructor], \"findMany\": [Function mockConstructor], \"findUnique\": [Function mockConstructor], \"update\": [Function mockConstructor]}, \"session\": {\"create\": [Function mockConstructor], \"delete\": [Function mockConstructor], \"findUnique\": [Function mockConstructor]}, \"socialAccount\": {\"create\": [Function mockConstructor], \"delete\": [Function mockConstructor], \"findMany\": [Function mockConstructor], \"findUnique\": [Function mockConstructor], \"update\": [Function mockConstructor]}, \"user\": {\"create\": [Function mockConstructor], \"delete\": [Function mockConstructor], \"findMany\": [Function mockConstructor], \"findUnique\": [Function mockConstructor], \"update\": [Function mockConstructor]}, \"verificationToken\": {\"create\": [Function mockConstructor], \"delete\": [Function mockConstructor], \"findUnique\": [Function mockConstructor]}}","pass":false}}],"failureMessages":["Error: expect(received).toHaveProperty(path)\n\nExpected path: \"passwordResetToken\"\nReceived path: []\n\nReceived value: {\"$connect\": [Function mockConstructor], \"$disconnect\": [Function mockConstructor], \"draft\": {\"create\": [Function mockConstructor], \"delete\": [Function mockConstructor], \"findMany\": [Function mockConstructor], \"findUnique\": [Function mockConstructor], \"update\": [Function mockConstructor]}, \"post\": {\"create\": [Function mockConstructor], \"delete\": [Function mockConstructor], \"findMany\": [Function mockConstructor], \"findUnique\": [Function mockConstructor], \"update\": [Function mockConstructor]}, \"scheduledPost\": {\"create\": [Function mockConstructor], \"delete\": [Function mockConstructor], \"findMany\": [Function mockConstructor], \"findUnique\": [Function mockConstructor], \"update\": [Function mockConstructor]}, \"session\": {\"create\": [Function mockConstructor], \"delete\": [Function mockConstructor], \"findUnique\": [Function mockConstructor]}, \"socialAccount\": {\"create\": [Function mockConstructor], \"delete\": [Function mockConstructor], \"findMany\": [Function mockConstructor], \"findUnique\": [Function mockConstructor], \"update\": [Function mockConstructor]}, \"user\": {\"create\": [Function mockConstructor], \"delete\": [Function mockConstructor], \"findMany\": [Function mockConstructor], \"findUnique\": [Function mockConstructor], \"update\": [Function mockConstructor]}, \"verificationToken\": {\"create\": [Function mockConstructor], \"delete\": [Function mockConstructor], \"findUnique\": [Function mockConstructor]}}\n    at C:\\Users\\drmwe\\Claude\\social Media App\\allin-platform\\backend\\src\\services\\database.test.ts:44:22\n    at Array.forEach (<anonymous>)\n    at Object.<anonymous> (C:\\Users\\drmwe\\Claude\\social Media App\\allin-platform\\backend\\src\\services\\database.test.ts:43:20)\n    at Promise.then.completed (C:\\Users\\drmwe\\Claude\\social Media App\\allin-platform\\node_modules\\jest-circus\\build\\utils.js:298:28)\n    at new Promise (<anonymous>)\n    at callAsyncCircusFn (C:\\Users\\drmwe\\Claude\\social Media App\\allin-platform\\node_modules\\jest-circus\\build\\utils.js:231:10)\n    at _callCircusTest (C:\\Users\\drmwe\\Claude\\social Media App\\allin-platform\\node_modules\\jest-circus\\build\\run.js:316:40)\n    at processTicksAndRejections (node:internal/process/task_queues:105:5)\n    at _runTest (C:\\Users\\drmwe\\Claude\\social Media App\\allin-platform\\node_modules\\jest-circus\\build\\run.js:252:3)\n    at _runTestsForDescribeBlock (C:\\Users\\drmwe\\Claude\\social Media App\\allin-platform\\node_modules\\jest-circus\\build\\run.js:126:9)\n    at _runTestsForDescribeBlock (C:\\Users\\drmwe\\Claude\\social Media App\\allin-platform\\node_modules\\jest-circus\\build\\run.js:121:9)\n    at run (C:\\Users\\drmwe\\Claude\\social Media App\\allin-platform\\node_modules\\jest-circus\\build\\run.js:71:3)\n    at runAndTransformResultsToJestFormat (C:\\Users\\drmwe\\Claude\\social Media App\\allin-platform\\node_modules\\jest-circus\\build\\legacy-code-todo-rewrite\\jestAdapterInit.js:122:21)\n    at jestAdapter (C:\\Users\\drmwe\\Claude\\social Media App\\allin-platform\\node_modules\\jest-circus\\build\\legacy-code-todo-rewrite\\jestAdapter.js:79:19)\n    at runTestInternal (C:\\Users\\drmwe\\Claude\\social Media App\\allin-platform\\node_modules\\jest-runner\\build\\runTest.js:367:16)\n    at runTest (C:\\Users\\drmwe\\Claude\\social Media App\\allin-platform\\node_modules\\jest-runner\\build\\runTest.js:444:34)\n    at Object.worker (C:\\Users\\drmwe\\Claude\\social Media App\\allin-platform\\node_modules\\jest-runner\\build\\testWorker.js:106:12)"],"fullName":"Database Service should have all required models","invocations":1,"location":null,"numPassingAsserts":3,"retryReasons":[],"status":"failed","title":"should have all required models"},{"ancestorTitles":["Database Service"],"duration":2,"failureDetails":[{"matcherResult":{"message":"expect(received).toHaveProperty(path)\n\nExpected path: \"upsert\"\nReceived path: []\n\nReceived value: {\"create\": [Function mockConstructor], \"delete\": [Function mockConstructor], \"findMany\": [Function mockConstructor], \"findUnique\": [Function mockConstructor], \"update\": [Function mockConstructor]}","pass":false}}],"failureMessages":["Error: expect(received).toHaveProperty(path)\n\nExpected path: \"upsert\"\nReceived path: []\n\nReceived value: {\"create\": [Function mockConstructor], \"delete\": [Function mockConstructor], \"findMany\": [Function mockConstructor], \"findUnique\": [Function mockConstructor], \"update\": [Function mockConstructor]}\n    at Object.<anonymous> (C:\\Users\\drmwe\\Claude\\social Media App\\allin-platform\\backend\\src\\services\\database.test.ts:54:25)\n    at Promise.then.completed (C:\\Users\\drmwe\\Claude\\social Media App\\allin-platform\\node_modules\\jest-circus\\build\\utils.js:298:28)\n    at new Promise (<anonymous>)\n    at callAsyncCircusFn (C:\\Users\\drmwe\\Claude\\social Media App\\allin-platform\\node_modules\\jest-circus\\build\\utils.js:231:10)\n    at _callCircusTest (C:\\Users\\drmwe\\Claude\\social Media App\\allin-platform\\node_modules\\jest-circus\\build\\run.js:316:40)\n    at processTicksAndRejections (node:internal/process/task_queues:105:5)\n    at _runTest (C:\\Users\\drmwe\\Claude\\social Media App\\allin-platform\\node_modules\\jest-circus\\build\\run.js:252:3)\n    at _runTestsForDescribeBlock (C:\\Users\\drmwe\\Claude\\social Media App\\allin-platform\\node_modules\\jest-circus\\build\\run.js:126:9)\n    at _runTestsForDescribeBlock (C:\\Users\\drmwe\\Claude\\social Media App\\allin-platform\\node_modules\\jest-circus\\build\\run.js:121:9)\n    at run (C:\\Users\\drmwe\\Claude\\social Media App\\allin-platform\\node_modules\\jest-circus\\build\\run.js:71:3)\n    at runAndTransformResultsToJestFormat (C:\\Users\\drmwe\\Claude\\social Media App\\allin-platform\\node_modules\\jest-circus\\build\\legacy-code-todo-rewrite\\jestAdapterInit.js:122:21)\n    at jestAdapter (C:\\Users\\drmwe\\Claude\\social Media App\\allin-platform\\node_modules\\jest-circus\\build\\legacy-code-todo-rewrite\\jestAdapter.js:79:19)\n    at runTestInternal (C:\\Users\\drmwe\\Claude\\social Media App\\allin-platform\\node_modules\\jest-runner\\build\\runTest.js:367:16)\n    at runTest (C:\\Users\\drmwe\\Claude\\social Media App\\allin-platform\\node_modules\\jest-runner\\build\\runTest.js:444:34)\n    at Object.worker (C:\\Users\\drmwe\\Claude\\social Media App\\allin-platform\\node_modules\\jest-runner\\build\\testWorker.js:106:12)"],"fullName":"Database Service should have CRUD operations for user model","invocations":1,"location":null,"numPassingAsserts":5,"retryReasons":[],"status":"failed","title":"should have CRUD operations for user model"},{"ancestorTitles":["Database Service"],"duration":1,"failureDetails":[{"matcherResult":{"message":"expect(received).toHaveProperty(path)\n\nExpected path: \"$transaction\"\nReceived path: []\n\nReceived value: {\"$connect\": [Function mockConstructor], \"$disconnect\": [Function mockConstructor], \"draft\": {\"create\": [Function mockConstructor], \"delete\": [Function mockConstructor], \"findMany\": [Function mockConstructor], \"findUnique\": [Function mockConstructor], \"update\": [Function mockConstructor]}, \"post\": {\"create\": [Function mockConstructor], \"delete\": [Function mockConstructor], \"findMany\": [Function mockConstructor], \"findUnique\": [Function mockConstructor], \"update\": [Function mockConstructor]}, \"scheduledPost\": {\"create\": [Function mockConstructor], \"delete\": [Function mockConstructor], \"findMany\": [Function mockConstructor], \"findUnique\": [Function mockConstructor], \"update\": [Function mockConstructor]}, \"session\": {\"create\": [Function mockConstructor], \"delete\": [Function mockConstructor], \"findUnique\": [Function mockConstructor]}, \"socialAccount\": {\"create\": [Function mockConstructor], \"delete\": [Function mockConstructor], \"findMany\": [Function mockConstructor], \"findUnique\": [Function mockConstructor], \"update\": [Function mockConstructor]}, \"user\": {\"create\": [Function mockConstructor], \"delete\": [Function mockConstructor], \"findMany\": [Function mockConstructor], \"findUnique\": [Function mockConstructor], \"update\": [Function mockConstructor]}, \"verificationToken\": {\"create\": [Function mockConstructor], \"delete\": [Function mockConstructor], \"findUnique\": [Function mockConstructor]}}","pass":false}}],"failureMessages":["Error: expect(received).toHaveProperty(path)\n\nExpected path: \"$transaction\"\nReceived path: []\n\nReceived value: {\"$connect\": [Function mockConstructor], \"$disconnect\": [Function mockConstructor], \"draft\": {\"create\": [Function mockConstructor], \"delete\": [Function mockConstructor], \"findMany\": [Function mockConstructor], \"findUnique\": [Function mockConstructor], \"update\": [Function mockConstructor]}, \"post\": {\"create\": [Function mockConstructor], \"delete\": [Function mockConstructor], \"findMany\": [Function mockConstructor], \"findUnique\": [Function mockConstructor], \"update\": [Function mockConstructor]}, \"scheduledPost\": {\"create\": [Function mockConstructor], \"delete\": [Function mockConstructor], \"findMany\": [Function mockConstructor], \"findUnique\": [Function mockConstructor], \"update\": [Function mockConstructor]}, \"session\": {\"create\": [Function mockConstructor], \"delete\": [Function mockConstructor], \"findUnique\": [Function mockConstructor]}, \"socialAccount\": {\"create\": [Function mockConstructor], \"delete\": [Function mockConstructor], \"findMany\": [Function mockConstructor], \"findUnique\": [Function mockConstructor], \"update\": [Function mockConstructor]}, \"user\": {\"create\": [Function mockConstructor], \"delete\": [Function mockConstructor], \"findMany\": [Function mockConstructor], \"findUnique\": [Function mockConstructor], \"update\": [Function mockConstructor]}, \"verificationToken\": {\"create\": [Function mockConstructor], \"delete\": [Function mockConstructor], \"findUnique\": [Function mockConstructor]}}\n    at Object.<anonymous> (C:\\Users\\drmwe\\Claude\\social Media App\\allin-platform\\backend\\src\\services\\database.test.ts:59:20)\n    at Promise.then.completed (C:\\Users\\drmwe\\Claude\\social Media App\\allin-platform\\node_modules\\jest-circus\\build\\utils.js:298:28)\n    at new Promise (<anonymous>)\n    at callAsyncCircusFn (C:\\Users\\drmwe\\Claude\\social Media App\\allin-platform\\node_modules\\jest-circus\\build\\utils.js:231:10)\n    at _callCircusTest (C:\\Users\\drmwe\\Claude\\social Media App\\allin-platform\\node_modules\\jest-circus\\build\\run.js:316:40)\n    at processTicksAndRejections (node:internal/process/task_queues:105:5)\n    at _runTest (C:\\Users\\drmwe\\Claude\\social Media App\\allin-platform\\node_modules\\jest-circus\\build\\run.js:252:3)\n    at _runTestsForDescribeBlock (C:\\Users\\drmwe\\Claude\\social Media App\\allin-platform\\node_modules\\jest-circus\\build\\run.js:126:9)\n    at _runTestsForDescribeBlock (C:\\Users\\drmwe\\Claude\\social Media App\\allin-platform\\node_modules\\jest-circus\\build\\run.js:121:9)\n    at run (C:\\Users\\drmwe\\Claude\\social Media App\\allin-platform\\node_modules\\jest-circus\\build\\run.js:71:3)\n    at runAndTransformResultsToJestFormat (C:\\Users\\drmwe\\Claude\\social Media App\\allin-platform\\node_modules\\jest-circus\\build\\legacy-code-todo-rewrite\\jestAdapterInit.js:122:21)\n    at jestAdapter (C:\\Users\\drmwe\\Claude\\social Media App\\allin-platform\\node_modules\\jest-circus\\build\\legacy-code-todo-rewrite\\jestAdapter.js:79:19)\n    at runTestInternal (C:\\Users\\drmwe\\Claude\\social Media App\\allin-platform\\node_modules\\jest-runner\\build\\runTest.js:367:16)\n    at runTest (C:\\Users\\drmwe\\Claude\\social Media App\\allin-platform\\node_modules\\jest-runner\\build\\runTest.js:444:34)\n    at Object.worker (C:\\Users\\drmwe\\Claude\\social Media App\\allin-platform\\node_modules\\jest-runner\\build\\testWorker.js:106:12)"],"fullName":"Database Service should have transaction support","invocations":1,"location":null,"numPassingAsserts":0,"retryReasons":[],"status":"failed","title":"should have transaction support"},{"ancestorTitles":["Database Service"],"duration":1,"failureDetails":[{"matcherResult":{"message":"expect(received).toHaveProperty(path)\n\nExpected path: \"$queryRaw\"\nReceived path: []\n\nReceived value: {\"$connect\": [Function mockConstructor], \"$disconnect\": [Function mockConstructor], \"draft\": {\"create\": [Function mockConstructor], \"delete\": [Function mockConstructor], \"findMany\": [Function mockConstructor], \"findUnique\": [Function mockConstructor], \"update\": [Function mockConstructor]}, \"post\": {\"create\": [Function mockConstructor], \"delete\": [Function mockConstructor], \"findMany\": [Function mockConstructor], \"findUnique\": [Function mockConstructor], \"update\": [Function mockConstructor]}, \"scheduledPost\": {\"create\": [Function mockConstructor], \"delete\": [Function mockConstructor], \"findMany\": [Function mockConstructor], \"findUnique\": [Function mockConstructor], \"update\": [Function mockConstructor]}, \"session\": {\"create\": [Function mockConstructor], \"delete\": [Function mockConstructor], \"findUnique\": [Function mockConstructor]}, \"socialAccount\": {\"create\": [Function mockConstructor], \"delete\": [Function mockConstructor], \"findMany\": [Function mockConstructor], \"findUnique\": [Function mockConstructor], \"update\": [Function mockConstructor]}, \"user\": {\"create\": [Function mockConstructor], \"delete\": [Function mockConstructor], \"findMany\": [Function mockConstructor], \"findUnique\": [Function mockConstructor], \"update\": [Function mockConstructor]}, \"verificationToken\": {\"create\": [Function mockConstructor], \"delete\": [Function mockConstructor], \"findUnique\": [Function mockConstructor]}}","pass":false}}],"failureMessages":["Error: expect(received).toHaveProperty(path)\n\nExpected path: \"$queryRaw\"\nReceived path: []\n\nReceived value: {\"$connect\": [Function mockConstructor], \"$disconnect\": [Function mockConstructor], \"draft\": {\"create\": [Function mockConstructor], \"delete\": [Function mockConstructor], \"findMany\": [Function mockConstructor], \"findUnique\": [Function mockConstructor], \"update\": [Function mockConstructor]}, \"post\": {\"create\": [Function mockConstructor], \"delete\": [Function mockConstructor], \"findMany\": [Function mockConstructor], \"findUnique\": [Function mockConstructor], \"update\": [Function mockConstructor]}, \"scheduledPost\": {\"create\": [Function mockConstructor], \"delete\": [Function mockConstructor], \"findMany\": [Function mockConstructor], \"findUnique\": [Function mockConstructor], \"update\": [Function mockConstructor]}, \"session\": {\"create\": [Function mockConstructor], \"delete\": [Function mockConstructor], \"findUnique\": [Function mockConstructor]}, \"socialAccount\": {\"create\": [Function mockConstructor], \"delete\": [Function mockConstructor], \"findMany\": [Function mockConstructor], \"findUnique\": [Function mockConstructor], \"update\": [Function mockConstructor]}, \"user\": {\"create\": [Function mockConstructor], \"delete\": [Function mockConstructor], \"findMany\": [Function mockConstructor], \"findUnique\": [Function mockConstructor], \"update\": [Function mockConstructor]}, \"verificationToken\": {\"create\": [Function mockConstructor], \"delete\": [Function mockConstructor], \"findUnique\": [Function mockConstructor]}}\n    at Object.<anonymous> (C:\\Users\\drmwe\\Claude\\social Media App\\allin-platform\\backend\\src\\services\\database.test.ts:64:20)\n    at Promise.then.completed (C:\\Users\\drmwe\\Claude\\social Media App\\allin-platform\\node_modules\\jest-circus\\build\\utils.js:298:28)\n    at new Promise (<anonymous>)\n    at callAsyncCircusFn (C:\\Users\\drmwe\\Claude\\social Media App\\allin-platform\\node_modules\\jest-circus\\build\\utils.js:231:10)\n    at _callCircusTest (C:\\Users\\drmwe\\Claude\\social Media App\\allin-platform\\node_modules\\jest-circus\\build\\run.js:316:40)\n    at processTicksAndRejections (node:internal/process/task_queues:105:5)\n    at _runTest (C:\\Users\\drmwe\\Claude\\social Media App\\allin-platform\\node_modules\\jest-circus\\build\\run.js:252:3)\n    at _runTestsForDescribeBlock (C:\\Users\\drmwe\\Claude\\social Media App\\allin-platform\\node_modules\\jest-circus\\build\\run.js:126:9)\n    at _runTestsForDescribeBlock (C:\\Users\\drmwe\\Claude\\social Media App\\allin-platform\\node_modules\\jest-circus\\build\\run.js:121:9)\n    at run (C:\\Users\\drmwe\\Claude\\social Media App\\allin-platform\\node_modules\\jest-circus\\build\\run.js:71:3)\n    at runAndTransformResultsToJestFormat (C:\\Users\\drmwe\\Claude\\social Media App\\allin-platform\\node_modules\\jest-circus\\build\\legacy-code-todo-rewrite\\jestAdapterInit.js:122:21)\n    at jestAdapter (C:\\Users\\drmwe\\Claude\\social Media App\\allin-platform\\node_modules\\jest-circus\\build\\legacy-code-todo-rewrite\\jestAdapter.js:79:19)\n    at runTestInternal (C:\\Users\\drmwe\\Claude\\social Media App\\allin-platform\\node_modules\\jest-runner\\build\\runTest.js:367:16)\n    at runTest (C:\\Users\\drmwe\\Claude\\social Media App\\allin-platform\\node_modules\\jest-runner\\build\\runTest.js:444:34)\n    at Object.worker (C:\\Users\\drmwe\\Claude\\social Media App\\allin-platform\\node_modules\\jest-runner\\build\\testWorker.js:106:12)"],"fullName":"Database Service should have query raw support","invocations":1,"location":null,"numPassingAsserts":0,"retryReasons":[],"status":"failed","title":"should have query raw support"},{"ancestorTitles":["Database Service","connection management"],"duration":0,"failureDetails":[],"failureMessages":[],"fullName":"Database Service connection management should have connect method","invocations":1,"location":null,"numPassingAsserts":2,"retryReasons":[],"status":"passed","title":"should have connect method"},{"ancestorTitles":["Database Service","connection management"],"duration":1,"failureDetails":[],"failureMessages":[],"fullName":"Database Service connection management should have disconnect method","invocations":1,"location":null,"numPassingAsserts":2,"retryReasons":[],"status":"passed","title":"should have disconnect method"},{"ancestorTitles":["Database Service","connection management"],"duration":1,"failureDetails":[{}],"failureMessages":["Error: expect(received).resolves.toBeUndefined()\n\nMatcher error: received value must be a promise\n\nReceived has value: undefined\n    at Object.toBeUndefined (C:\\Users\\drmwe\\Claude\\social Media App\\allin-platform\\node_modules\\expect\\build\\index.js:162:13)\n    at Object.<anonymous> (C:\\Users\\drmwe\\Claude\\social Media App\\allin-platform\\backend\\src\\services\\database.test.ts:81:48)\n    at Promise.then.completed (C:\\Users\\drmwe\\Claude\\social Media App\\allin-platform\\node_modules\\jest-circus\\build\\utils.js:298:28)\n    at new Promise (<anonymous>)\n    at callAsyncCircusFn (C:\\Users\\drmwe\\Claude\\social Media App\\allin-platform\\node_modules\\jest-circus\\build\\utils.js:231:10)\n    at _callCircusTest (C:\\Users\\drmwe\\Claude\\social Media App\\allin-platform\\node_modules\\jest-circus\\build\\run.js:316:40)\n    at processTicksAndRejections (node:internal/process/task_queues:105:5)\n    at _runTest (C:\\Users\\drmwe\\Claude\\social Media App\\allin-platform\\node_modules\\jest-circus\\build\\run.js:252:3)\n    at _runTestsForDescribeBlock (C:\\Users\\drmwe\\Claude\\social Media App\\allin-platform\\node_modules\\jest-circus\\build\\run.js:126:9)\n    at _runTestsForDescribeBlock (C:\\Users\\drmwe\\Claude\\social Media App\\allin-platform\\node_modules\\jest-circus\\build\\run.js:121:9)\n    at _runTestsForDescribeBlock (C:\\Users\\drmwe\\Claude\\social Media App\\allin-platform\\node_modules\\jest-circus\\build\\run.js:121:9)\n    at run (C:\\Users\\drmwe\\Claude\\social Media App\\allin-platform\\node_modules\\jest-circus\\build\\run.js:71:3)\n    at runAndTransformResultsToJestFormat (C:\\Users\\drmwe\\Claude\\social Media App\\allin-platform\\node_modules\\jest-circus\\build\\legacy-code-todo-rewrite\\jestAdapterInit.js:122:21)\n    at jestAdapter (C:\\Users\\drmwe\\Claude\\social Media App\\allin-platform\\node_modules\\jest-circus\\build\\legacy-code-todo-rewrite\\jestAdapter.js:79:19)\n    at runTestInternal (C:\\Users\\drmwe\\Claude\\social Media App\\allin-platform\\node_modules\\jest-runner\\build\\runTest.js:367:16)\n    at runTest (C:\\Users\\drmwe\\Claude\\social Media App\\allin-platform\\node_modules\\jest-runner\\build\\runTest.js:444:34)\n    at Object.worker (C:\\Users\\drmwe\\Claude\\social Media App\\allin-platform\\node_modules\\jest-runner\\build\\testWorker.js:106:12)"],"fullName":"Database Service connection management should connect successfully","invocations":1,"location":null,"numPassingAsserts":0,"retryReasons":[],"status":"failed","title":"should connect successfully"},{"ancestorTitles":["Database Service","connection management"],"duration":0,"failureDetails":[{}],"failureMessages":["Error: expect(received).resolves.toBeUndefined()\n\nMatcher error: received value must be a promise\n\nReceived has value: undefined\n    at Object.toBeUndefined (C:\\Users\\drmwe\\Claude\\social Media App\\allin-platform\\node_modules\\expect\\build\\index.js:162:13)\n    at Object.<anonymous> (C:\\Users\\drmwe\\Claude\\social Media App\\allin-platform\\backend\\src\\services\\database.test.ts:86:51)\n    at Promise.then.completed (C:\\Users\\drmwe\\Claude\\social Media App\\allin-platform\\node_modules\\jest-circus\\build\\utils.js:298:28)\n    at new Promise (<anonymous>)\n    at callAsyncCircusFn (C:\\Users\\drmwe\\Claude\\social Media App\\allin-platform\\node_modules\\jest-circus\\build\\utils.js:231:10)\n    at _callCircusTest (C:\\Users\\drmwe\\Claude\\social Media App\\allin-platform\\node_modules\\jest-circus\\build\\run.js:316:40)\n    at processTicksAndRejections (node:internal/process/task_queues:105:5)\n    at _runTest (C:\\Users\\drmwe\\Claude\\social Media App\\allin-platform\\node_modules\\jest-circus\\build\\run.js:252:3)\n    at _runTestsForDescribeBlock (C:\\Users\\drmwe\\Claude\\social Media App\\allin-platform\\node_modules\\jest-circus\\build\\run.js:126:9)\n    at _runTestsForDescribeBlock (C:\\Users\\drmwe\\Claude\\social Media App\\allin-platform\\node_modules\\jest-circus\\build\\run.js:121:9)\n    at _runTestsForDescribeBlock (C:\\Users\\drmwe\\Claude\\social Media App\\allin-platform\\node_modules\\jest-circus\\build\\run.js:121:9)\n    at run (C:\\Users\\drmwe\\Claude\\social Media App\\allin-platform\\node_modules\\jest-circus\\build\\run.js:71:3)\n    at runAndTransformResultsToJestFormat (C:\\Users\\drmwe\\Claude\\social Media App\\allin-platform\\node_modules\\jest-circus\\build\\legacy-code-todo-rewrite\\jestAdapterInit.js:122:21)\n    at jestAdapter (C:\\Users\\drmwe\\Claude\\social Media App\\allin-platform\\node_modules\\jest-circus\\build\\legacy-code-todo-rewrite\\jestAdapter.js:79:19)\n    at runTestInternal (C:\\Users\\drmwe\\Claude\\social Media App\\allin-platform\\node_modules\\jest-runner\\build\\runTest.js:367:16)\n    at runTest (C:\\Users\\drmwe\\Claude\\social Media App\\allin-platform\\node_modules\\jest-runner\\build\\runTest.js:444:34)\n    at Object.worker (C:\\Users\\drmwe\\Claude\\social Media App\\allin-platform\\node_modules\\jest-runner\\build\\testWorker.js:106:12)"],"fullName":"Database Service connection management should disconnect successfully","invocations":1,"location":null,"numPassingAsserts":0,"retryReasons":[],"status":"failed","title":"should disconnect successfully"}],"endTime":1759707878199,"message":"  ● Database Service › should have all required models\n\n    expect(received).toHaveProperty(path)\n\n    Expected path: \"passwordResetToken\"\n    Received path: []\n\n    Received value: {\"$connect\": [Function mockConstructor], \"$disconnect\": [Function mockConstructor], \"draft\": {\"create\": [Function mockConstructor], \"delete\": [Function mockConstructor], \"findMany\": [Function mockConstructor], \"findUnique\": [Function mockConstructor], \"update\": [Function mockConstructor]}, \"post\": {\"create\": [Function mockConstructor], \"delete\": [Function mockConstructor], \"findMany\": [Function mockConstructor], \"findUnique\": [Function mockConstructor], \"update\": [Function mockConstructor]}, \"scheduledPost\": {\"create\": [Function mockConstructor], \"delete\": [Function mockConstructor], \"findMany\": [Function mockConstructor], \"findUnique\": [Function mockConstructor], \"update\": [Function mockConstructor]}, \"session\": {\"create\": [Function mockConstructor], \"delete\": [Function mockConstructor], \"findUnique\": [Function mockConstructor]}, \"socialAccount\": {\"create\": [Function mockConstructor], \"delete\": [Function mockConstructor], \"findMany\": [Function mockConstructor], \"findUnique\": [Function mockConstructor], \"update\": [Function mockConstructor]}, \"user\": {\"create\": [Function mockConstructor], \"delete\": [Function mockConstructor], \"findMany\": [Function mockConstructor], \"findUnique\": [Function mockConstructor], \"update\": [Function mockConstructor]}, \"verificationToken\": {\"create\": [Function mockConstructor], \"delete\": [Function mockConstructor], \"findUnique\": [Function mockConstructor]}}\n\n    \u001b[0m \u001b[90m 42 |\u001b[39m\n     \u001b[90m 43 |\u001b[39m     requiredModels\u001b[33m.\u001b[39mforEach(model \u001b[33m=>\u001b[39m {\n    \u001b[31m\u001b[1m>\u001b[22m\u001b[39m\u001b[90m 44 |\u001b[39m       expect(prisma)\u001b[33m.\u001b[39mtoHaveProperty(model)\u001b[33m;\u001b[39m\n     \u001b[90m    |\u001b[39m                      \u001b[31m\u001b[1m^\u001b[22m\u001b[39m\n     \u001b[90m 45 |\u001b[39m     })\u001b[33m;\u001b[39m\n     \u001b[90m 46 |\u001b[39m   })\u001b[33m;\u001b[39m\n     \u001b[90m 47 |\u001b[39m\u001b[0m\n\n      at src/services/database.test.ts:44:22\n          at Array.forEach (<anonymous>)\n      at Object.<anonymous> (src/services/database.test.ts:43:20)\n\n  ● Database Service › should have CRUD operations for user model\n\n    expect(received).toHaveProperty(path)\n\n    Expected path: \"upsert\"\n    Received path: []\n\n    Received value: {\"create\": [Function mockConstructor], \"delete\": [Function mockConstructor], \"findMany\": [Function mockConstructor], \"findUnique\": [Function mockConstructor], \"update\": [Function mockConstructor]}\n\n    \u001b[0m \u001b[90m 52 |\u001b[39m     expect(prisma\u001b[33m.\u001b[39muser)\u001b[33m.\u001b[39mtoHaveProperty(\u001b[32m'update'\u001b[39m)\u001b[33m;\u001b[39m\n     \u001b[90m 53 |\u001b[39m     expect(prisma\u001b[33m.\u001b[39muser)\u001b[33m.\u001b[39mtoHaveProperty(\u001b[32m'delete'\u001b[39m)\u001b[33m;\u001b[39m\n    \u001b[31m\u001b[1m>\u001b[22m\u001b[39m\u001b[90m 54 |\u001b[39m     expect(prisma\u001b[33m.\u001b[39muser)\u001b[33m.\u001b[39mtoHaveProperty(\u001b[32m'upsert'\u001b[39m)\u001b[33m;\u001b[39m\n     \u001b[90m    |\u001b[39m                         \u001b[31m\u001b[1m^\u001b[22m\u001b[39m\n     \u001b[90m 55 |\u001b[39m     expect(prisma\u001b[33m.\u001b[39muser)\u001b[33m.\u001b[39mtoHaveProperty(\u001b[32m'count'\u001b[39m)\u001b[33m;\u001b[39m\n     \u001b[90m 56 |\u001b[39m   })\u001b[33m;\u001b[39m\n     \u001b[90m 57 |\u001b[39m\u001b[0m\n\n      at Object.<anonymous> (src/services/database.test.ts:54:25)\n\n  ● Database Service › should have transaction support\n\n    expect(received).toHaveProperty(path)\n\n    Expected path: \"$transaction\"\n    Received path: []\n\n    Received value: {\"$connect\": [Function mockConstructor], \"$disconnect\": [Function mockConstructor], \"draft\": {\"create\": [Function mockConstructor], \"delete\": [Function mockConstructor], \"findMany\": [Function mockConstructor], \"findUnique\": [Function mockConstructor], \"update\": [Function mockConstructor]}, \"post\": {\"create\": [Function mockConstructor], \"delete\": [Function mockConstructor], \"findMany\": [Function mockConstructor], \"findUnique\": [Function mockConstructor], \"update\": [Function mockConstructor]}, \"scheduledPost\": {\"create\": [Function mockConstructor], \"delete\": [Function mockConstructor], \"findMany\": [Function mockConstructor], \"findUnique\": [Function mockConstructor], \"update\": [Function mockConstructor]}, \"session\": {\"create\": [Function mockConstructor], \"delete\": [Function mockConstructor], \"findUnique\": [Function mockConstructor]}, \"socialAccount\": {\"create\": [Function mockConstructor], \"delete\": [Function mockConstructor], \"findMany\": [Function mockConstructor], \"findUnique\": [Function mockConstructor], \"update\": [Function mockConstructor]}, \"user\": {\"create\": [Function mockConstructor], \"delete\": [Function mockConstructor], \"findMany\": [Function mockConstructor], \"findUnique\": [Function mockConstructor], \"update\": [Function mockConstructor]}, \"verificationToken\": {\"create\": [Function mockConstructor], \"delete\": [Function mockConstructor], \"findUnique\": [Function mockConstructor]}}\n\n    \u001b[0m \u001b[90m 57 |\u001b[39m\n     \u001b[90m 58 |\u001b[39m   it(\u001b[32m'should have transaction support'\u001b[39m\u001b[33m,\u001b[39m () \u001b[33m=>\u001b[39m {\n    \u001b[31m\u001b[1m>\u001b[22m\u001b[39m\u001b[90m 59 |\u001b[39m     expect(prisma)\u001b[33m.\u001b[39mtoHaveProperty(\u001b[32m'$transaction'\u001b[39m)\u001b[33m;\u001b[39m\n     \u001b[90m    |\u001b[39m                    \u001b[31m\u001b[1m^\u001b[22m\u001b[39m\n     \u001b[90m 60 |\u001b[39m     expect(\u001b[36mtypeof\u001b[39m prisma\u001b[33m.\u001b[39m$transaction)\u001b[33m.\u001b[39mtoBe(\u001b[32m'function'\u001b[39m)\u001b[33m;\u001b[39m\n     \u001b[90m 61 |\u001b[39m   })\u001b[33m;\u001b[39m\n     \u001b[90m 62 |\u001b[39m\u001b[0m\n\n      at Object.<anonymous> (src/services/database.test.ts:59:20)\n\n  ● Database Service › should have query raw support\n\n    expect(received).toHaveProperty(path)\n\n    Expected path: \"$queryRaw\"\n    Received path: []\n\n    Received value: {\"$connect\": [Function mockConstructor], \"$disconnect\": [Function mockConstructor], \"draft\": {\"create\": [Function mockConstructor], \"delete\": [Function mockConstructor], \"findMany\": [Function mockConstructor], \"findUnique\": [Function mockConstructor], \"update\": [Function mockConstructor]}, \"post\": {\"create\": [Function mockConstructor], \"delete\": [Function mockConstructor], \"findMany\": [Function mockConstructor], \"findUnique\": [Function mockConstructor], \"update\": [Function mockConstructor]}, \"scheduledPost\": {\"create\": [Function mockConstructor], \"delete\": [Function mockConstructor], \"findMany\": [Function mockConstructor], \"findUnique\": [Function mockConstructor], \"update\": [Function mockConstructor]}, \"session\": {\"create\": [Function mockConstructor], \"delete\": [Function mockConstructor], \"findUnique\": [Function mockConstructor]}, \"socialAccount\": {\"create\": [Function mockConstructor], \"delete\": [Function mockConstructor], \"findMany\": [Function mockConstructor], \"findUnique\": [Function mockConstructor], \"update\": [Function mockConstructor]}, \"user\": {\"create\": [Function mockConstructor], \"delete\": [Function mockConstructor], \"findMany\": [Function mockConstructor], \"findUnique\": [Function mockConstructor], \"update\": [Function mockConstructor]}, \"verificationToken\": {\"create\": [Function mockConstructor], \"delete\": [Function mockConstructor], \"findUnique\": [Function mockConstructor]}}\n\n    \u001b[0m \u001b[90m 62 |\u001b[39m\n     \u001b[90m 63 |\u001b[39m   it(\u001b[32m'should have query raw support'\u001b[39m\u001b[33m,\u001b[39m () \u001b[33m=>\u001b[39m {\n    \u001b[31m\u001b[1m>\u001b[22m\u001b[39m\u001b[90m 64 |\u001b[39m     expect(prisma)\u001b[33m.\u001b[39mtoHaveProperty(\u001b[32m'$queryRaw'\u001b[39m)\u001b[33m;\u001b[39m\n     \u001b[90m    |\u001b[39m                    \u001b[31m\u001b[1m^\u001b[22m\u001b[39m\n     \u001b[90m 65 |\u001b[39m     expect(prisma)\u001b[33m.\u001b[39mtoHaveProperty(\u001b[32m'$executeRaw'\u001b[39m)\u001b[33m;\u001b[39m\n     \u001b[90m 66 |\u001b[39m   })\u001b[33m;\u001b[39m\n     \u001b[90m 67 |\u001b[39m\u001b[0m\n\n      at Object.<anonymous> (src/services/database.test.ts:64:20)\n\n  ● Database Service › connection management › should connect successfully\n\n    expect(received).resolves.toBeUndefined()\n\n    Matcher error: received value must be a promise\n\n    Received has value: undefined\n\n    \u001b[0m \u001b[90m 79 |\u001b[39m     it(\u001b[32m'should connect successfully'\u001b[39m\u001b[33m,\u001b[39m \u001b[36masync\u001b[39m () \u001b[33m=>\u001b[39m {\n     \u001b[90m 80 |\u001b[39m       \u001b[90m// Since we're mocking, this should resolve\u001b[39m\n    \u001b[31m\u001b[1m>\u001b[22m\u001b[39m\u001b[90m 81 |\u001b[39m       \u001b[36mawait\u001b[39m expect(prisma\u001b[33m.\u001b[39m$connect())\u001b[33m.\u001b[39mresolves\u001b[33m.\u001b[39mtoBeUndefined()\u001b[33m;\u001b[39m\n     \u001b[90m    |\u001b[39m                                                \u001b[31m\u001b[1m^\u001b[22m\u001b[39m\n     \u001b[90m 82 |\u001b[39m     })\u001b[33m;\u001b[39m\n     \u001b[90m 83 |\u001b[39m\n     \u001b[90m 84 |\u001b[39m     it(\u001b[32m'should disconnect successfully'\u001b[39m\u001b[33m,\u001b[39m \u001b[36masync\u001b[39m () \u001b[33m=>\u001b[39m {\u001b[0m\n\n      at Object.toBeUndefined (../node_modules/expect/build/index.js:162:13)\n      at Object.<anonymous> (src/services/database.test.ts:81:48)\n\n  ● Database Service › connection management › should disconnect successfully\n\n    expect(received).resolves.toBeUndefined()\n\n    Matcher error: received value must be a promise\n\n    Received has value: undefined\n\n    \u001b[0m \u001b[90m 84 |\u001b[39m     it(\u001b[32m'should disconnect successfully'\u001b[39m\u001b[33m,\u001b[39m \u001b[36masync\u001b[39m () \u001b[33m=>\u001b[39m {\n     \u001b[90m 85 |\u001b[39m       \u001b[90m// Since we're mocking, this should resolve\u001b[39m\n    \u001b[31m\u001b[1m>\u001b[22m\u001b[39m\u001b[90m 86 |\u001b[39m       \u001b[36mawait\u001b[39m expect(prisma\u001b[33m.\u001b[39m$disconnect())\u001b[33m.\u001b[39mresolves\u001b[33m.\u001b[39mtoBeUndefined()\u001b[33m;\u001b[39m\n     \u001b[90m    |\u001b[39m                                                   \u001b[31m\u001b[1m^\u001b[22m\u001b[39m\n     \u001b[90m 87 |\u001b[39m     })\u001b[33m;\u001b[39m\n     \u001b[90m 88 |\u001b[39m   })\u001b[33m;\u001b[39m\n     \u001b[90m 89 |\u001b[39m })\u001b[33m;\u001b[39m\u001b[0m\n\n      at Object.toBeUndefined (../node_modules/expect/build/index.js:162:13)\n      at Object.<anonymous> (src/services/database.test.ts:86:51)\n","name":"C:\\Users\\drmwe\\Claude\\social Media App\\allin-platform\\backend\\src\\services\\database.test.ts","startTime":1759707867554,"status":"failed","summary":""},{"assertionResults":[{"ancestorTitles":["LinkedInOAuthService","constructor"],"duration":19,"failureDetails":[],"failureMessages":[],"fullName":"LinkedInOAuthService constructor should initialize with correct platform and configuration","invocations":1,"location":null,"numPassingAsserts":4,"retryReasons":[],"status":"passed","title":"should initialize with correct platform and configuration"},{"ancestorTitles":["LinkedInOAuthService","constructor"],"duration":2,"failureDetails":[],"failureMessages":[],"fullName":"LinkedInOAuthService constructor should use default values when environment variables are not set","invocations":1,"location":null,"numPassingAsserts":2,"retryReasons":[],"status":"passed","title":"should use default values when environment variables are not set"},{"ancestorTitles":["LinkedInOAuthService","getAuthorizationUrl"],"duration":5,"failureDetails":[],"failureMessages":[],"fullName":"LinkedInOAuthService getAuthorizationUrl should generate correct authorization URL","invocations":1,"location":null,"numPassingAsserts":6,"retryReasons":[],"status":"passed","title":"should generate correct authorization URL"},{"ancestorTitles":["LinkedInOAuthService","getAuthorizationUrl"],"duration":0,"failureDetails":[],"failureMessages":[],"fullName":"LinkedInOAuthService getAuthorizationUrl should handle special characters in state","invocations":1,"location":null,"numPassingAsserts":1,"retryReasons":[],"status":"passed","title":"should handle special characters in state"},{"ancestorTitles":["LinkedInOAuthService","exchangeCodeForTokens"],"duration":3,"failureDetails":[],"failureMessages":[],"fullName":"LinkedInOAuthService exchangeCodeForTokens should successfully exchange authorization code for tokens","invocations":1,"location":null,"numPassingAsserts":2,"retryReasons":[],"status":"passed","title":"should successfully exchange authorization code for tokens"},{"ancestorTitles":["LinkedInOAuthService","exchangeCodeForTokens"],"duration":0,"failureDetails":[],"failureMessages":[],"fullName":"LinkedInOAuthService exchangeCodeForTokens should use default expiry when not provided","invocations":1,"location":null,"numPassingAsserts":1,"retryReasons":[],"status":"passed","title":"should use default expiry when not provided"},{"ancestorTitles":["LinkedInOAuthService","exchangeCodeForTokens"],"duration":61,"failureDetails":[],"failureMessages":[],"fullName":"LinkedInOAuthService exchangeCodeForTokens should throw AppError when token exchange fails","invocations":1,"location":null,"numPassingAsserts":2,"retryReasons":[],"status":"passed","title":"should throw AppError when token exchange fails"},{"ancestorTitles":["LinkedInOAuthService","refreshAccessToken"],"duration":1,"failureDetails":[],"failureMessages":[],"fullName":"LinkedInOAuthService refreshAccessToken should successfully refresh access token","invocations":1,"location":null,"numPassingAsserts":2,"retryReasons":[],"status":"passed","title":"should successfully refresh access token"},{"ancestorTitles":["LinkedInOAuthService","refreshAccessToken"],"duration":3,"failureDetails":[],"failureMessages":[],"fullName":"LinkedInOAuthService refreshAccessToken should throw AppError when refresh fails","invocations":1,"location":null,"numPassingAsserts":2,"retryReasons":[],"status":"passed","title":"should throw AppError when refresh fails"},{"ancestorTitles":["LinkedInOAuthService","getUserProfile"],"duration":1,"failureDetails":[],"failureMessages":[],"fullName":"LinkedInOAuthService getUserProfile should successfully fetch user profile","invocations":1,"location":null,"numPassingAsserts":3,"retryReasons":[],"status":"passed","title":"should successfully fetch user profile"},{"ancestorTitles":["LinkedInOAuthService","getUserProfile"],"duration":1,"failureDetails":[],"failureMessages":[],"fullName":"LinkedInOAuthService getUserProfile should handle missing organizations gracefully","invocations":1,"location":null,"numPassingAsserts":1,"retryReasons":[],"status":"passed","title":"should handle missing organizations gracefully"},{"ancestorTitles":["LinkedInOAuthService","getUserProfile"],"duration":3,"failureDetails":[],"failureMessages":[],"fullName":"LinkedInOAuthService getUserProfile should throw AppError when profile fetch fails","invocations":1,"location":null,"numPassingAsserts":2,"retryReasons":[],"status":"passed","title":"should throw AppError when profile fetch fails"},{"ancestorTitles":["LinkedInOAuthService","revokeAccess"],"duration":1,"failureDetails":[],"failureMessages":[],"fullName":"LinkedInOAuthService revokeAccess should successfully revoke access","invocations":1,"location":null,"numPassingAsserts":2,"retryReasons":[],"status":"passed","title":"should successfully revoke access"},{"ancestorTitles":["LinkedInOAuthService","revokeAccess"],"duration":1,"failureDetails":[],"failureMessages":[],"fullName":"LinkedInOAuthService revokeAccess should not throw error when revoke fails","invocations":1,"location":null,"numPassingAsserts":1,"retryReasons":[],"status":"passed","title":"should not throw error when revoke fails"},{"ancestorTitles":["LinkedInOAuthService","getInsights"],"duration":2,"failureDetails":[],"failureMessages":[],"fullName":"LinkedInOAuthService getInsights should successfully fetch organization insights","invocations":1,"location":null,"numPassingAsserts":2,"retryReasons":[],"status":"passed","title":"should successfully fetch organization insights"},{"ancestorTitles":["LinkedInOAuthService","getInsights"],"duration":0,"failureDetails":[],"failureMessages":[],"fullName":"LinkedInOAuthService getInsights should handle missing date parameters","invocations":1,"location":null,"numPassingAsserts":1,"retryReasons":[],"status":"passed","title":"should handle missing date parameters"},{"ancestorTitles":["LinkedInOAuthService","getInsights"],"duration":3,"failureDetails":[],"failureMessages":[],"fullName":"LinkedInOAuthService getInsights should throw AppError when insights fetch fails","invocations":1,"location":null,"numPassingAsserts":2,"retryReasons":[],"status":"passed","title":"should throw AppError when insights fetch fails"},{"ancestorTitles":["LinkedInOAuthService","publishPost"],"duration":1,"failureDetails":[],"failureMessages":[],"fullName":"LinkedInOAuthService publishPost should successfully publish post for organization","invocations":1,"location":null,"numPassingAsserts":2,"retryReasons":[],"status":"passed","title":"should successfully publish post for organization"},{"ancestorTitles":["LinkedInOAuthService","publishPost"],"duration":1,"failureDetails":[],"failureMessages":[],"fullName":"LinkedInOAuthService publishPost should successfully publish post for person","invocations":1,"location":null,"numPassingAsserts":2,"retryReasons":[],"status":"passed","title":"should successfully publish post for person"},{"ancestorTitles":["LinkedInOAuthService","publishPost"],"duration":1,"failureDetails":[],"failureMessages":[],"fullName":"LinkedInOAuthService publishPost should handle media attachments","invocations":1,"location":null,"numPassingAsserts":1,"retryReasons":[],"status":"passed","title":"should handle media attachments"},{"ancestorTitles":["LinkedInOAuthService","publishPost"],"duration":3,"failureDetails":[],"failureMessages":[],"fullName":"LinkedInOAuthService publishPost should throw AppError when post publish fails","invocations":1,"location":null,"numPassingAsserts":2,"retryReasons":[],"status":"passed","title":"should throw AppError when post publish fails"},{"ancestorTitles":["LinkedInOAuthService","getCompanyProfile"],"duration":1,"failureDetails":[],"failureMessages":[],"fullName":"LinkedInOAuthService getCompanyProfile should successfully fetch company profile","invocations":1,"location":null,"numPassingAsserts":2,"retryReasons":[],"status":"passed","title":"should successfully fetch company profile"},{"ancestorTitles":["LinkedInOAuthService","getCompanyProfile"],"duration":3,"failureDetails":[],"failureMessages":[],"fullName":"LinkedInOAuthService getCompanyProfile should throw AppError when company profile fetch fails","invocations":1,"location":null,"numPassingAsserts":2,"retryReasons":[],"status":"passed","title":"should throw AppError when company profile fetch fails"}],"endTime":1759707878399,"message":"","name":"C:\\Users\\drmwe\\Claude\\social Media App\\allin-platform\\backend\\src\\services\\oauth\\linkedin.oauth.test.ts","startTime":1759707867564,"status":"passed","summary":""},{"assertionResults":[{"ancestorTitles":["EngagementMonitoringService","Service Initialization"],"duration":11,"failureDetails":[],"failureMessages":[],"fullName":"EngagementMonitoringService Service Initialization should initialize successfully","invocations":1,"location":null,"numPassingAsserts":2,"retryReasons":[],"status":"passed","title":"should initialize successfully"},{"ancestorTitles":["EngagementMonitoringService","Service Initialization"],"duration":2,"failureDetails":[],"failureMessages":[],"fullName":"EngagementMonitoringService Service Initialization should have all required methods","invocations":1,"location":null,"numPassingAsserts":9,"retryReasons":[],"status":"passed","title":"should have all required methods"},{"ancestorTitles":["EngagementMonitoringService","trackEngagement"],"duration":80,"failureDetails":[{}],"failureMessages":["TypeError: Cannot use 'in' operator to search for 'lpush' in undefined\n    at EngagementMonitoringService.storeEngagementEvent (C:\\Users\\drmwe\\Claude\\social Media App\\allin-platform\\backend\\src\\services\\engagement-monitoring.service.ts:342:16)\n    at EngagementMonitoringService.storeEngagementEvent [as trackEngagement] (C:\\Users\\drmwe\\Claude\\social Media App\\allin-platform\\backend\\src\\services\\engagement-monitoring.service.ts:79:18)\n    at Object.<anonymous> (C:\\Users\\drmwe\\Claude\\social Media App\\allin-platform\\backend\\tests\\unit\\services\\engagement-monitoring.service.test.ts:55:36)\n    at Promise.then.completed (C:\\Users\\drmwe\\Claude\\social Media App\\allin-platform\\node_modules\\jest-circus\\build\\utils.js:298:28)\n    at new Promise (<anonymous>)\n    at callAsyncCircusFn (C:\\Users\\drmwe\\Claude\\social Media App\\allin-platform\\node_modules\\jest-circus\\build\\utils.js:231:10)\n    at _callCircusTest (C:\\Users\\drmwe\\Claude\\social Media App\\allin-platform\\node_modules\\jest-circus\\build\\run.js:316:40)\n    at processTicksAndRejections (node:internal/process/task_queues:105:5)\n    at _runTest (C:\\Users\\drmwe\\Claude\\social Media App\\allin-platform\\node_modules\\jest-circus\\build\\run.js:252:3)\n    at _runTestsForDescribeBlock (C:\\Users\\drmwe\\Claude\\social Media App\\allin-platform\\node_modules\\jest-circus\\build\\run.js:126:9)\n    at _runTestsForDescribeBlock (C:\\Users\\drmwe\\Claude\\social Media App\\allin-platform\\node_modules\\jest-circus\\build\\run.js:121:9)\n    at _runTestsForDescribeBlock (C:\\Users\\drmwe\\Claude\\social Media App\\allin-platform\\node_modules\\jest-circus\\build\\run.js:121:9)\n    at run (C:\\Users\\drmwe\\Claude\\social Media App\\allin-platform\\node_modules\\jest-circus\\build\\run.js:71:3)\n    at runAndTransformResultsToJestFormat (C:\\Users\\drmwe\\Claude\\social Media App\\allin-platform\\node_modules\\jest-circus\\build\\legacy-code-todo-rewrite\\jestAdapterInit.js:122:21)\n    at jestAdapter (C:\\Users\\drmwe\\Claude\\social Media App\\allin-platform\\node_modules\\jest-circus\\build\\legacy-code-todo-rewrite\\jestAdapter.js:79:19)\n    at runTestInternal (C:\\Users\\drmwe\\Claude\\social Media App\\allin-platform\\node_modules\\jest-runner\\build\\runTest.js:367:16)\n    at runTest (C:\\Users\\drmwe\\Claude\\social Media App\\allin-platform\\node_modules\\jest-runner\\build\\runTest.js:444:34)\n    at Object.worker (C:\\Users\\drmwe\\Claude\\social Media App\\allin-platform\\node_modules\\jest-runner\\build\\testWorker.js:106:12)"],"fullName":"EngagementMonitoringService trackEngagement should track engagement event successfully","invocations":1,"location":null,"numPassingAsserts":0,"retryReasons":[],"status":"failed","title":"should track engagement event successfully"},{"ancestorTitles":["EngagementMonitoringService","trackEngagement"],"duration":2,"failureDetails":[{}],"failureMessages":["TypeError: Cannot use 'in' operator to search for 'lpush' in undefined\n    at EngagementMonitoringService.storeEngagementEvent (C:\\Users\\drmwe\\Claude\\social Media App\\allin-platform\\backend\\src\\services\\engagement-monitoring.service.ts:342:16)\n    at EngagementMonitoringService.storeEngagementEvent [as trackEngagement] (C:\\Users\\drmwe\\Claude\\social Media App\\allin-platform\\backend\\src\\services\\engagement-monitoring.service.ts:79:18)\n    at Object.<anonymous> (C:\\Users\\drmwe\\Claude\\social Media App\\allin-platform\\backend\\tests\\unit\\services\\engagement-monitoring.service.test.ts:69:38)\n    at Promise.then.completed (C:\\Users\\drmwe\\Claude\\social Media App\\allin-platform\\node_modules\\jest-circus\\build\\utils.js:298:28)\n    at new Promise (<anonymous>)\n    at callAsyncCircusFn (C:\\Users\\drmwe\\Claude\\social Media App\\allin-platform\\node_modules\\jest-circus\\build\\utils.js:231:10)\n    at _callCircusTest (C:\\Users\\drmwe\\Claude\\social Media App\\allin-platform\\node_modules\\jest-circus\\build\\run.js:316:40)\n    at processTicksAndRejections (node:internal/process/task_queues:105:5)\n    at _runTest (C:\\Users\\drmwe\\Claude\\social Media App\\allin-platform\\node_modules\\jest-circus\\build\\run.js:252:3)\n    at _runTestsForDescribeBlock (C:\\Users\\drmwe\\Claude\\social Media App\\allin-platform\\node_modules\\jest-circus\\build\\run.js:126:9)\n    at _runTestsForDescribeBlock (C:\\Users\\drmwe\\Claude\\social Media App\\allin-platform\\node_modules\\jest-circus\\build\\run.js:121:9)\n    at _runTestsForDescribeBlock (C:\\Users\\drmwe\\Claude\\social Media App\\allin-platform\\node_modules\\jest-circus\\build\\run.js:121:9)\n    at run (C:\\Users\\drmwe\\Claude\\social Media App\\allin-platform\\node_modules\\jest-circus\\build\\run.js:71:3)\n    at runAndTransformResultsToJestFormat (C:\\Users\\drmwe\\Claude\\social Media App\\allin-platform\\node_modules\\jest-circus\\build\\legacy-code-todo-rewrite\\jestAdapterInit.js:122:21)\n    at jestAdapter (C:\\Users\\drmwe\\Claude\\social Media App\\allin-platform\\node_modules\\jest-circus\\build\\legacy-code-todo-rewrite\\jestAdapter.js:79:19)\n    at runTestInternal (C:\\Users\\drmwe\\Claude\\social Media App\\allin-platform\\node_modules\\jest-runner\\build\\runTest.js:367:16)\n    at runTest (C:\\Users\\drmwe\\Claude\\social Media App\\allin-platform\\node_modules\\jest-runner\\build\\runTest.js:444:34)\n    at Object.worker (C:\\Users\\drmwe\\Claude\\social Media App\\allin-platform\\node_modules\\jest-runner\\build\\testWorker.js:106:12)"],"fullName":"EngagementMonitoringService trackEngagement should handle different event types","invocations":1,"location":null,"numPassingAsserts":0,"retryReasons":[],"status":"failed","title":"should handle different event types"},{"ancestorTitles":["EngagementMonitoringService","trackEngagement"],"duration":2,"failureDetails":[{}],"failureMessages":["TypeError: Cannot use 'in' operator to search for 'lpush' in undefined\n    at EngagementMonitoringService.storeEngagementEvent (C:\\Users\\drmwe\\Claude\\social Media App\\allin-platform\\backend\\src\\services\\engagement-monitoring.service.ts:342:16)\n    at EngagementMonitoringService.storeEngagementEvent [as trackEngagement] (C:\\Users\\drmwe\\Claude\\social Media App\\allin-platform\\backend\\src\\services\\engagement-monitoring.service.ts:79:18)\n    at Object.<anonymous> (C:\\Users\\drmwe\\Claude\\social Media App\\allin-platform\\backend\\tests\\unit\\services\\engagement-monitoring.service.test.ts:84:38)\n    at Promise.then.completed (C:\\Users\\drmwe\\Claude\\social Media App\\allin-platform\\node_modules\\jest-circus\\build\\utils.js:298:28)\n    at new Promise (<anonymous>)\n    at callAsyncCircusFn (C:\\Users\\drmwe\\Claude\\social Media App\\allin-platform\\node_modules\\jest-circus\\build\\utils.js:231:10)\n    at _callCircusTest (C:\\Users\\drmwe\\Claude\\social Media App\\allin-platform\\node_modules\\jest-circus\\build\\run.js:316:40)\n    at processTicksAndRejections (node:internal/process/task_queues:105:5)\n    at _runTest (C:\\Users\\drmwe\\Claude\\social Media App\\allin-platform\\node_modules\\jest-circus\\build\\run.js:252:3)\n    at _runTestsForDescribeBlock (C:\\Users\\drmwe\\Claude\\social Media App\\allin-platform\\node_modules\\jest-circus\\build\\run.js:126:9)\n    at _runTestsForDescribeBlock (C:\\Users\\drmwe\\Claude\\social Media App\\allin-platform\\node_modules\\jest-circus\\build\\run.js:121:9)\n    at _runTestsForDescribeBlock (C:\\Users\\drmwe\\Claude\\social Media App\\allin-platform\\node_modules\\jest-circus\\build\\run.js:121:9)\n    at run (C:\\Users\\drmwe\\Claude\\social Media App\\allin-platform\\node_modules\\jest-circus\\build\\run.js:71:3)\n    at runAndTransformResultsToJestFormat (C:\\Users\\drmwe\\Claude\\social Media App\\allin-platform\\node_modules\\jest-circus\\build\\legacy-code-todo-rewrite\\jestAdapterInit.js:122:21)\n    at jestAdapter (C:\\Users\\drmwe\\Claude\\social Media App\\allin-platform\\node_modules\\jest-circus\\build\\legacy-code-todo-rewrite\\jestAdapter.js:79:19)\n    at runTestInternal (C:\\Users\\drmwe\\Claude\\social Media App\\allin-platform\\node_modules\\jest-runner\\build\\runTest.js:367:16)\n    at runTest (C:\\Users\\drmwe\\Claude\\social Media App\\allin-platfor
[...]
\u001b[90m 53 |\u001b[39m     })\u001b[33m;\u001b[39m\n     \u001b[90m 54 |\u001b[39m\n    \u001b[31m\u001b[1m>\u001b[22m\u001b[39m\u001b[90m 55 |\u001b[39m     it(\u001b[32m'POST /auth/callback - should complete Instagram authentication'\u001b[39m\u001b[33m,\u001b[39m \u001b[36masync\u001b[39m () \u001b[33m=>\u001b[39m {\n     \u001b[90m    |\u001b[39m     \u001b[31m\u001b[1m^\u001b[22m\u001b[39m\n     \u001b[90m 56 |\u001b[39m       \u001b[36mconst\u001b[39m authData \u001b[33m=\u001b[39m { code\u001b[33m:\u001b[39m \u001b[32m'auth-code-123'\u001b[39m }\u001b[33m;\u001b[39m\n     \u001b[90m 57 |\u001b[39m\n     \u001b[90m 58 |\u001b[39m       \u001b[36mconst\u001b[39m response \u001b[33m=\u001b[39m \u001b[36mawait\u001b[39m request(app)\u001b[0m\n\n      at src/routes/instagram.routes.test.ts:55:5\n      at src/routes/instagram.routes.test.ts:46:3\n      at Object.<anonymous> (src/routes/instagram.routes.test.ts:36:1)\n\n  ● Instagram Routes › OAuth Authentication › POST /refresh-token - should refresh Instagram token\n\n    thrown: \"Exceeded timeout of 30000 ms for a test.\n    Add a timeout value to this test to increase the timeout, if this is a long-running test. See https://jestjs.io/docs/api#testname-fn-timeout.\"\n\n    \u001b[0m \u001b[90m 65 |\u001b[39m     })\u001b[33m;\u001b[39m\n     \u001b[90m 66 |\u001b[39m\n    \u001b[31m\u001b[1m>\u001b[22m\u001b[39m\u001b[90m 67 |\u001b[39m     it(\u001b[32m'POST /refresh-token - should refresh Instagram token'\u001b[39m\u001b[33m,\u001b[39m \u001b[36masync\u001b[39m () \u001b[33m=>\u001b[39m {\n     \u001b[90m    |\u001b[39m     \u001b[31m\u001b[1m^\u001b[22m\u001b[39m\n     \u001b[90m 68 |\u001b[39m       \u001b[36mconst\u001b[39m response \u001b[33m=\u001b[39m \u001b[36mawait\u001b[39m request(app)\n     \u001b[90m 69 |\u001b[39m         \u001b[33m.\u001b[39mpost(\u001b[32m'/instagram/refresh-token'\u001b[39m)\n     \u001b[90m 70 |\u001b[39m         \u001b[33m.\u001b[39msend({ refreshToken\u001b[33m:\u001b[39m \u001b[32m'old-token'\u001b[39m })\u001b[33m;\u001b[39m\u001b[0m\n\n      at src/routes/instagram.routes.test.ts:67:5\n      at src/routes/instagram.routes.test.ts:46:3\n      at Object.<anonymous> (src/routes/instagram.routes.test.ts:36:1)\n\n  ● Instagram Routes › OAuth Authentication › GET /connection-status - should get connection status\n\n    thrown: \"Exceeded timeout of 30000 ms for a test.\n    Add a timeout value to this test to increase the timeout, if this is a long-running test. See https://jestjs.io/docs/api#testname-fn-timeout.\"\n\n    \u001b[0m \u001b[90m 75 |\u001b[39m     })\u001b[33m;\u001b[39m\n     \u001b[90m 76 |\u001b[39m\n    \u001b[31m\u001b[1m>\u001b[22m\u001b[39m\u001b[90m 77 |\u001b[39m     it(\u001b[32m'GET /connection-status - should get connection status'\u001b[39m\u001b[33m,\u001b[39m \u001b[36masync\u001b[39m () \u001b[33m=>\u001b[39m {\n     \u001b[90m    |\u001b[39m     \u001b[31m\u001b[1m^\u001b[22m\u001b[39m\n     \u001b[90m 78 |\u001b[39m       \u001b[36mconst\u001b[39m response \u001b[33m=\u001b[39m \u001b[36mawait\u001b[39m request(app)\u001b[33m.\u001b[39m\u001b[36mget\u001b[39m(\u001b[32m'/instagram/connection-status'\u001b[39m)\u001b[33m;\u001b[39m\n     \u001b[90m 79 |\u001b[39m\n     \u001b[90m 80 |\u001b[39m       expect(response\u001b[33m.\u001b[39mstatus)\u001b[33m.\u001b[39mtoBe(\u001b[35m200\u001b[39m)\u001b[33m;\u001b[39m\u001b[0m\n\n      at src/routes/instagram.routes.test.ts:77:5\n      at src/routes/instagram.routes.test.ts:46:3\n      at Object.<anonymous> (src/routes/instagram.routes.test.ts:36:1)\n\n  ● Instagram Routes › Account Management › GET /account - should get Instagram account info\n\n    thrown: \"Exceeded timeout of 30000 ms for a test.\n    Add a timeout value to this test to increase the timeout, if this is a long-running test. See https://jestjs.io/docs/api#testname-fn-timeout.\"\n\n    \u001b[0m \u001b[90m 85 |\u001b[39m\n     \u001b[90m 86 |\u001b[39m   describe(\u001b[32m'Account Management'\u001b[39m\u001b[33m,\u001b[39m () \u001b[33m=>\u001b[39m {\n    \u001b[31m\u001b[1m>\u001b[22m\u001b[39m\u001b[90m 87 |\u001b[39m     it(\u001b[32m'GET /account - should get Instagram account info'\u001b[39m\u001b[33m,\u001b[39m \u001b[36masync\u001b[39m () \u001b[33m=>\u001b[39m {\n     \u001b[90m    |\u001b[39m     \u001b[31m\u001b[1m^\u001b[22m\u001b[39m\n     \u001b[90m 88 |\u001b[39m       \u001b[36mconst\u001b[39m response \u001b[33m=\u001b[39m \u001b[36mawait\u001b[39m request(app)\u001b[33m.\u001b[39m\u001b[36mget\u001b[39m(\u001b[32m'/instagram/account'\u001b[39m)\u001b[33m;\u001b[39m\n     \u001b[90m 89 |\u001b[39m\n     \u001b[90m 90 |\u001b[39m       expect(response\u001b[33m.\u001b[39mstatus)\u001b[33m.\u001b[39mtoBe(\u001b[35m200\u001b[39m)\u001b[33m;\u001b[39m\u001b[0m\n\n      at src/routes/instagram.routes.test.ts:87:5\n      at src/routes/instagram.routes.test.ts:86:3\n      at Object.<anonymous> (src/routes/instagram.routes.test.ts:36:1)\n\n  ● Instagram Routes › Media Management › GET /media - should get Instagram media\n\n    thrown: \"Exceeded timeout of 30000 ms for a test.\n    Add a timeout value to this test to increase the timeout, if this is a long-running test. See https://jestjs.io/docs/api#testname-fn-timeout.\"\n\n    \u001b[0m \u001b[90m  96 |\u001b[39m\n     \u001b[90m  97 |\u001b[39m   describe(\u001b[32m'Media Management'\u001b[39m\u001b[33m,\u001b[39m () \u001b[33m=>\u001b[39m {\n    \u001b[31m\u001b[1m>\u001b[22m\u001b[39m\u001b[90m  98 |\u001b[39m     it(\u001b[32m'GET /media - should get Instagram media'\u001b[39m\u001b[33m,\u001b[39m \u001b[36masync\u001b[39m () \u001b[33m=>\u001b[39m {\n     \u001b[90m     |\u001b[39m     \u001b[31m\u001b[1m^\u001b[22m\u001b[39m\n     \u001b[90m  99 |\u001b[39m       \u001b[36mconst\u001b[39m response \u001b[33m=\u001b[39m \u001b[36mawait\u001b[39m request(app)\u001b[33m.\u001b[39m\u001b[36mget\u001b[39m(\u001b[32m'/instagram/media'\u001b[39m)\u001b[33m;\u001b[39m\n     \u001b[90m 100 |\u001b[39m\n     \u001b[90m 101 |\u001b[39m       expect(response\u001b[33m.\u001b[39mstatus)\u001b[33m.\u001b[39mtoBe(\u001b[35m200\u001b[39m)\u001b[33m;\u001b[39m\u001b[0m\n\n      at src/routes/instagram.routes.test.ts:98:5\n      at src/routes/instagram.routes.test.ts:97:3\n      at Object.<anonymous> (src/routes/instagram.routes.test.ts:36:1)\n\n  ● Instagram Routes › Media Management › POST /post - should create Instagram post\n\n    thrown: \"Exceeded timeout of 30000 ms for a test.\n    Add a timeout value to this test to increase the timeout, if this is a long-running test. See https://jestjs.io/docs/api#testname-fn-timeout.\"\n\n    \u001b[0m \u001b[90m 104 |\u001b[39m     })\u001b[33m;\u001b[39m\n     \u001b[90m 105 |\u001b[39m\n    \u001b[31m\u001b[1m>\u001b[22m\u001b[39m\u001b[90m 106 |\u001b[39m     it(\u001b[32m'POST /post - should create Instagram post'\u001b[39m\u001b[33m,\u001b[39m \u001b[36masync\u001b[39m () \u001b[33m=>\u001b[39m {\n     \u001b[90m     |\u001b[39m     \u001b[31m\u001b[1m^\u001b[22m\u001b[39m\n     \u001b[90m 107 |\u001b[39m       \u001b[36mconst\u001b[39m postData \u001b[33m=\u001b[39m { \n     \u001b[90m 108 |\u001b[39m         caption\u001b[33m:\u001b[39m \u001b[32m'Test post'\u001b[39m\u001b[33m,\u001b[39m\n     \u001b[90m 109 |\u001b[39m         imageUrl\u001b[33m:\u001b[39m \u001b[32m'https://example.com/image.jpg'\u001b[39m\u001b[0m\n\n      at src/routes/instagram.routes.test.ts:106:5\n      at src/routes/instagram.routes.test.ts:97:3\n      at Object.<anonymous> (src/routes/instagram.routes.test.ts:36:1)\n\n  ● Instagram Routes › Media Management › GET /media/:mediaId - should get media details\n\n    thrown: \"Exceeded timeout of 30000 ms for a test.\n    Add a timeout value to this test to increase the timeout, if this is a long-running test. See https://jestjs.io/docs/api#testname-fn-timeout.\"\n\n    \u001b[0m \u001b[90m 119 |\u001b[39m     })\u001b[33m;\u001b[39m\n     \u001b[90m 120 |\u001b[39m\n    \u001b[31m\u001b[1m>\u001b[22m\u001b[39m\u001b[90m 121 |\u001b[39m     it(\u001b[32m'GET /media/:mediaId - should get media details'\u001b[39m\u001b[33m,\u001b[39m \u001b[36masync\u001b[39m () \u001b[33m=>\u001b[39m {\n     \u001b[90m     |\u001b[39m     \u001b[31m\u001b[1m^\u001b[22m\u001b[39m\n     \u001b[90m 122 |\u001b[39m       \u001b[36mconst\u001b[39m mediaId \u001b[33m=\u001b[39m \u001b[32m'media-123'\u001b[39m\u001b[33m;\u001b[39m\n     \u001b[90m 123 |\u001b[39m\n     \u001b[90m 124 |\u001b[39m       \u001b[36mconst\u001b[39m response \u001b[33m=\u001b[39m \u001b[36mawait\u001b[39m request(app)\u001b[33m.\u001b[39m\u001b[36mget\u001b[39m(\u001b[32m`/instagram/media/${mediaId}`\u001b[39m)\u001b[33m;\u001b[39m\u001b[0m\n\n      at src/routes/instagram.routes.test.ts:121:5\n      at src/routes/instagram.routes.test.ts:97:3\n      at Object.<anonymous> (src/routes/instagram.routes.test.ts:36:1)\n\n  ● Instagram Routes › Analytics and Insights › GET /media/:mediaId/insights - should get media insights\n\n    thrown: \"Exceeded timeout of 30000 ms for a test.\n    Add a timeout value to this test to increase the timeout, if this is a long-running test. See https://jestjs.io/docs/api#testname-fn-timeout.\"\n\n    \u001b[0m \u001b[90m 131 |\u001b[39m\n     \u001b[90m 132 |\u001b[39m   describe(\u001b[32m'Analytics and Insights'\u001b[39m\u001b[33m,\u001b[39m () \u001b[33m=>\u001b[39m {\n    \u001b[31m\u001b[1m>\u001b[22m\u001b[39m\u001b[90m 133 |\u001b[39m     it(\u001b[32m'GET /media/:mediaId/insights - should get media insights'\u001b[39m\u001b[33m,\u001b[39m \u001b[36masync\u001b[39m () \u001b[33m=>\u001b[39m {\n     \u001b[90m     |\u001b[39m     \u001b[31m\u001b[1m^\u001b[22m\u001b[39m\n     \u001b[90m 134 |\u001b[39m       \u001b[36mconst\u001b[39m mediaId \u001b[33m=\u001b[39m \u001b[32m'media-123'\u001b[39m\u001b[33m;\u001b[39m\n     \u001b[90m 135 |\u001b[39m\n     \u001b[90m 136 |\u001b[39m       \u001b[36mconst\u001b[39m response \u001b[33m=\u001b[39m \u001b[36mawait\u001b[39m request(app)\u001b[33m.\u001b[39m\u001b[36mget\u001b[39m(\u001b[32m`/instagram/media/${mediaId}/insights`\u001b[39m)\u001b[33m;\u001b[39m\u001b[0m\n\n      at src/routes/instagram.routes.test.ts:133:5\n      at src/routes/instagram.routes.test.ts:132:3\n      at Object.<anonymous> (src/routes/instagram.routes.test.ts:36:1)\n\n  ● Instagram Routes › Analytics and Insights › GET /insights - should get account insights\n\n    thrown: \"Exceeded timeout of 30000 ms for a test.\n    Add a timeout value to this test to increase the timeout, if this is a long-running test. See https://jestjs.io/docs/api#testname-fn-timeout.\"\n\n    \u001b[0m \u001b[90m 142 |\u001b[39m     })\u001b[33m;\u001b[39m\n     \u001b[90m 143 |\u001b[39m\n    \u001b[31m\u001b[1m>\u001b[22m\u001b[39m\u001b[90m 144 |\u001b[39m     it(\u001b[32m'GET /insights - should get account insights'\u001b[39m\u001b[33m,\u001b[39m \u001b[36masync\u001b[39m () \u001b[33m=>\u001b[39m {\n     \u001b[90m     |\u001b[39m     \u001b[31m\u001b[1m^\u001b[22m\u001b[39m\n     \u001b[90m 145 |\u001b[39m       \u001b[36mconst\u001b[39m response \u001b[33m=\u001b[39m \u001b[36mawait\u001b[39m request(app)\u001b[33m.\u001b[39m\u001b[36mget\u001b[39m(\u001b[32m'/instagram/insights'\u001b[39m)\u001b[33m;\u001b[39m\n     \u001b[90m 146 |\u001b[39m\n     \u001b[90m 147 |\u001b[39m       expect(response\u001b[33m.\u001b[39mstatus)\u001b[33m.\u001b[39mtoBe(\u001b[35m200\u001b[39m)\u001b[33m;\u001b[39m\u001b[0m\n\n      at src/routes/instagram.routes.test.ts:144:5\n      at src/routes/instagram.routes.test.ts:132:3\n      at Object.<anonymous> (src/routes/instagram.routes.test.ts:36:1)\n\n  ● Instagram Routes › Comment Management › GET /media/:mediaId/comments - should get media comments\n\n    thrown: \"Exceeded timeout of 30000 ms for a test.\n    Add a timeout value to this test to increase the timeout, if this is a long-running test. See https://jestjs.io/docs/api#testname-fn-timeout.\"\n\n    \u001b[0m \u001b[90m 152 |\u001b[39m\n     \u001b[90m 153 |\u001b[39m   describe(\u001b[32m'Comment Management'\u001b[39m\u001b[33m,\u001b[39m () \u001b[33m=>\u001b[39m {\n    \u001b[31m\u001b[1m>\u001b[22m\u001b[39m\u001b[90m 154 |\u001b[39m     it(\u001b[32m'GET /media/:mediaId/comments - should get media comments'\u001b[39m\u001b[33m,\u001b[39m \u001b[36masync\u001b[39m () \u001b[33m=>\u001b[39m {\n     \u001b[90m     |\u001b[39m     \u001b[31m\u001b[1m^\u001b[22m\u001b[39m\n     \u001b[90m 155 |\u001b[39m       \u001b[36mconst\u001b[39m mediaId \u001b[33m=\u001b[39m \u001b[32m'media-123'\u001b[39m\u001b[33m;\u001b[39m\n     \u001b[90m 156 |\u001b[39m\n     \u001b[90m 157 |\u001b[39m       \u001b[36mconst\u001b[39m response \u001b[33m=\u001b[39m \u001b[36mawait\u001b[39m request(app)\u001b[33m.\u001b[39m\u001b[36mget\u001b[39m(\u001b[32m`/instagram/media/${mediaId}/comments`\u001b[39m)\u001b[33m;\u001b[39m\u001b[0m\n\n      at src/routes/instagram.routes.test.ts:154:5\n      at src/routes/instagram.routes.test.ts:153:3\n      at Object.<anonymous> (src/routes/instagram.routes.test.ts:36:1)\n\n  ● Instagram Routes › Comment Management › POST /comments/:commentId/reply - should reply to comment\n\n    thrown: \"Exceeded timeout of 30000 ms for a test.\n    Add a timeout value to this test to increase the timeout, if this is a long-running test. See https://jestjs.io/docs/api#testname-fn-timeout.\"\n\n    \u001b[0m \u001b[90m 162 |\u001b[39m     })\u001b[33m;\u001b[39m\n     \u001b[90m 163 |\u001b[39m\n    \u001b[31m\u001b[1m>\u001b[22m\u001b[39m\u001b[90m 164 |\u001b[39m     it(\u001b[32m'POST /comments/:commentId/reply - should reply to comment'\u001b[39m\u001b[33m,\u001b[39m \u001b[36masync\u001b[39m () \u001b[33m=>\u001b[39m {\n     \u001b[90m     |\u001b[39m     \u001b[31m\u001b[1m^\u001b[22m\u001b[39m\n     \u001b[90m 165 |\u001b[39m       \u001b[36mconst\u001b[39m commentId \u001b[33m=\u001b[39m \u001b[32m'comment-123'\u001b[39m\u001b[33m;\u001b[39m\n     \u001b[90m 166 |\u001b[39m       \u001b[36mconst\u001b[39m replyData \u001b[33m=\u001b[39m { text\u001b[33m:\u001b[39m \u001b[32m'Thanks for the comment!'\u001b[39m }\u001b[33m;\u001b[39m\n     \u001b[90m 167 |\u001b[39m\u001b[0m\n\n      at src/routes/instagram.routes.test.ts:164:5\n      at src/routes/instagram.routes.test.ts:153:3\n      at Object.<anonymous> (src/routes/instagram.routes.test.ts:36:1)\n\n  ● Instagram Routes › Comment Management › DELETE /comments/:commentId - should delete comment\n\n    thrown: \"Exceeded timeout of 30000 ms for a test.\n    Add a timeout value to this test to increase the timeout, if this is a long-running test. See https://jestjs.io/docs/api#testname-fn-timeout.\"\n\n    \u001b[0m \u001b[90m 175 |\u001b[39m     })\u001b[33m;\u001b[39m\n     \u001b[90m 176 |\u001b[39m\n    \u001b[31m\u001b[1m>\u001b[22m\u001b[39m\u001b[90m 177 |\u001b[39m     it(\u001b[32m'DELETE /comments/:commentId - should delete comment'\u001b[39m\u001b[33m,\u001b[39m \u001b[36masync\u001b[39m () \u001b[33m=>\u001b[39m {\n     \u001b[90m     |\u001b[39m     \u001b[31m\u001b[1m^\u001b[22m\u001b[39m\n     \u001b[90m 178 |\u001b[39m       \u001b[36mconst\u001b[39m commentId \u001b[33m=\u001b[39m \u001b[32m'comment-123'\u001b[39m\u001b[33m;\u001b[39m\n     \u001b[90m 179 |\u001b[39m\n     \u001b[90m 180 |\u001b[39m       \u001b[36mconst\u001b[39m response \u001b[33m=\u001b[39m \u001b[36mawait\u001b[39m request(app)\u001b[33m.\u001b[39m\u001b[36mdelete\u001b[39m(\u001b[32m`/instagram/comments/${commentId}`\u001b[39m)\u001b[33m;\u001b[39m\u001b[0m\n\n      at src/routes/instagram.routes.test.ts:177:5\n      at src/routes/instagram.routes.test.ts:153:3\n      at Object.<anonymous> (src/routes/instagram.routes.test.ts:36:1)\n\n  ● Instagram Routes › Hashtag Features › GET /hashtags/search - should search hashtags\n\n    thrown: \"Exceeded timeout of 30000 ms for a test.\n    Add a timeout value to this test to increase the timeout, if this is a long-running test. See https://jestjs.io/docs/api#testname-fn-timeout.\"\n\n    \u001b[0m \u001b[90m 187 |\u001b[39m\n     \u001b[90m 188 |\u001b[39m   describe(\u001b[32m'Hashtag Features'\u001b[39m\u001b[33m,\u001b[39m () \u001b[33m=>\u001b[39m {\n    \u001b[31m\u001b[1m>\u001b[22m\u001b[39m\u001b[90m 189 |\u001b[39m     it(\u001b[32m'GET /hashtags/search - should search hashtags'\u001b[39m\u001b[33m,\u001b[39m \u001b[36masync\u001b[39m () \u001b[33m=>\u001b[39m {\n     \u001b[90m     |\u001b[39m     \u001b[31m\u001b[1m^\u001b[22m\u001b[39m\n     \u001b[90m 190 |\u001b[39m       \u001b[36mconst\u001b[39m response \u001b[33m=\u001b[39m \u001b[36mawait\u001b[39m request(app)\n     \u001b[90m 191 |\u001b[39m         \u001b[33m.\u001b[39m\u001b[36mget\u001b[39m(\u001b[32m'/instagram/hashtags/search'\u001b[39m)\n     \u001b[90m 192 |\u001b[39m         \u001b[33m.\u001b[39mquery({ q\u001b[33m:\u001b[39m \u001b[32m'travel'\u001b[39m })\u001b[33m;\u001b[39m\u001b[0m\n\n      at src/routes/instagram.routes.test.ts:189:5\n      at src/routes/instagram.routes.test.ts:188:3\n      at Object.<anonymous> (src/routes/instagram.routes.test.ts:36:1)\n\n  ● Instagram Routes › Hashtag Features › GET /hashtags/:hashtagId/insights - should get hashtag insights\n\n    thrown: \"Exceeded timeout of 30000 ms for a test.\n    Add a timeout value to this test to increase the timeout, if this is a long-running test. See https://jestjs.io/docs/api#testname-fn-timeout.\"\n\n    \u001b[0m \u001b[90m 197 |\u001b[39m     })\u001b[33m;\u001b[39m\n     \u001b[90m 198 |\u001b[39m\n    \u001b[31m\u001b[1m>\u001b[22m\u001b[39m\u001b[90m 199 |\u001b[39m     it(\u001b[32m'GET /hashtags/:hashtagId/insights - should get hashtag insights'\u001b[39m\u001b[33m,\u001b[39m \u001b[36masync\u001b[39m () \u001b[33m=>\u001b[39m {\n     \u001b[90m     |\u001b[39m     \u001b[31m\u001b[1m^\u001b[22m\u001b[39m\n     \u001b[90m 200 |\u001b[39m       \u001b[36mconst\u001b[39m hashtagId \u001b[33m=\u001b[39m \u001b[32m'hashtag-123'\u001b[39m\u001b[33m;\u001b[39m\n     \u001b[90m 201 |\u001b[39m\n     \u001b[90m 202 |\u001b[39m       \u001b[36mconst\u001b[39m response \u001b[33m=\u001b[39m \u001b[36mawait\u001b[39m request(app)\u001b[33m.\u001b[39m\u001b[36mget\u001b[39m(\u001b[32m`/instagram/hashtags/${hashtagId}/insights`\u001b[39m)\u001b[33m;\u001b[39m\u001b[0m\n\n      at src/routes/instagram.routes.test.ts:199:5\n      at src/routes/instagram.routes.test.ts:188:3\n      at Object.<anonymous> (src/routes/instagram.routes.test.ts:36:1)\n\n  ● Instagram Routes › Authentication Middleware › should apply authentication to all routes\n\n    thrown: \"Exceeded timeout of 30000 ms for a test.\n    Add a timeout value to this test to increase the timeout, if this is a long-running test. See https://jestjs.io/docs/api#testname-fn-timeout.\"\n\n    \u001b[0m \u001b[90m 209 |\u001b[39m\n     \u001b[90m 210 |\u001b[39m   describe(\u001b[32m'Authentication Middleware'\u001b[39m\u001b[33m,\u001b[39m () \u001b[33m=>\u001b[39m {\n    \u001b[31m\u001b[1m>\u001b[22m\u001b[39m\u001b[90m 211 |\u001b[39m     it(\u001b[32m'should apply authentication to all routes'\u001b[39m\u001b[33m,\u001b[39m \u001b[36masync\u001b[39m () \u001b[33m=>\u001b[39m {\n     \u001b[90m     |\u001b[39m     \u001b[31m\u001b[1m^\u001b[22m\u001b[39m\n     \u001b[90m 212 |\u001b[39m       \u001b[36mawait\u001b[39m request(app)\u001b[33m.\u001b[39m\u001b[36mget\u001b[39m(\u001b[32m'/instagram/account'\u001b[39m)\u001b[33m;\u001b[39m\n     \u001b[90m 213 |\u001b[39m       \n     \u001b[90m 214 |\u001b[39m       expect(mockRequireAuth)\u001b[33m.\u001b[39mtoHaveBeenCalled()\u001b[33m;\u001b[39m\u001b[0m\n\n      at src/routes/instagram.routes.test.ts:211:5\n      at src/routes/instagram.routes.test.ts:210:3\n      at Object.<anonymous> (src/routes/instagram.routes.test.ts:36:1)\n","name":"C:\\Users\\drmwe\\Claude\\social Media App\\allin-platform\\backend\\src\\routes\\instagram.routes.test.ts","startTime":1759707867562,"status":"failed","summary":""}],"wasInterrupted":false}
